Dictionary: 69 entries
INFO: Running with entropic power schedule (0xFF, 100).
INFO: Seed: 1322408905
INFO: Loaded 1 modules   (54 inline 8-bit counters): 54 [0x563c072702f0, 0x563c07270326), 
INFO: Loaded 1 PC tables (54 PCs): 54 [0x563c07270328,0x563c07270688), 
INFO:      318 files found in corpus/
INFO: seed corpus: files: 318 min: 1b max: 4626b total: 260173b rss: 32Mb
#319	INITED cov: 34 ft: 45 corp: 24/13902b exec/s: 0 rss: 60Mb
#543	NEW    cov: 35 ft: 46 corp: 25/13920b lim: 4608 exec/s: 0 rss: 71Mb L: 18/4608 MS: 4 ChangeBinInt-ChangeBinInt-InsertByte-ShuffleBytes-
#566	REDUCE cov: 35 ft: 46 corp: 25/13911b lim: 4608 exec/s: 0 rss: 71Mb L: 9/4608 MS: 3 CrossOver-ChangeBit-EraseBytes-
#648	NEW    cov: 37 ft: 48 corp: 26/13955b lim: 4608 exec/s: 0 rss: 76Mb L: 44/4608 MS: 2 ChangeBit-InsertRepeatedBytes-
#684	NEW    cov: 37 ft: 49 corp: 27/14000b lim: 4608 exec/s: 0 rss: 79Mb L: 45/4608 MS: 1 InsertByte-
#744	NEW    cov: 38 ft: 50 corp: 28/14045b lim: 4608 exec/s: 0 rss: 84Mb L: 45/4608 MS: 5 ChangeBit-ChangeBit-ShuffleBytes-ChangeBit-ChangeBit-
#755	NEW    cov: 38 ft: 51 corp: 29/14068b lim: 4608 exec/s: 0 rss: 85Mb L: 23/4608 MS: 1 EraseBytes-
#810	NEW    cov: 38 ft: 52 corp: 30/14122b lim: 4608 exec/s: 0 rss: 89Mb L: 54/4608 MS: 5 CMP-ManualDict-InsertByte-ManualDict-InsertByte- DE: "\001\000\000\000"-">>"-"eof"-
#879	NEW    cov: 38 ft: 53 corp: 31/14244b lim: 4608 exec/s: 0 rss: 95Mb L: 122/4608 MS: 4 InsertRepeatedBytes-CopyPart-InsertByte-PersAutoDict- DE: "eof"-
#886	REDUCE cov: 38 ft: 53 corp: 31/14243b lim: 4608 exec/s: 0 rss: 95Mb L: 44/4608 MS: 2 InsertRepeatedBytes-EraseBytes-
#980	REDUCE cov: 38 ft: 53 corp: 31/14238b lim: 4608 exec/s: 0 rss: 104Mb L: 288/4608 MS: 4 ChangeBit-CopyPart-ChangeBit-EraseBytes-
#1034	REDUCE cov: 38 ft: 53 corp: 31/14140b lim: 4608 exec/s: 0 rss: 107Mb L: 190/4608 MS: 4 ChangeBit-InsertByte-ChangeASCIIInt-EraseBytes-
#1161	REDUCE cov: 38 ft: 54 corp: 32/14230b lim: 4608 exec/s: 0 rss: 117Mb L: 90/4608 MS: 2 ChangeBinInt-InsertRepeatedBytes-
#1169	REDUCE cov: 38 ft: 54 corp: 32/14214b lim: 4608 exec/s: 0 rss: 118Mb L: 106/4608 MS: 3 CopyPart-ChangeBit-EraseBytes-
#1226	NEW    cov: 39 ft: 55 corp: 33/14247b lim: 4608 exec/s: 0 rss: 121Mb L: 33/4608 MS: 2 ManualDict-EraseBytes- DE: ">>"-
#1499	REDUCE cov: 39 ft: 55 corp: 33/14242b lim: 4608 exec/s: 0 rss: 143Mb L: 40/4608 MS: 3 CMP-ChangeBinInt-EraseBytes- DE: "\001\000\000\002"-
#1897	REDUCE cov: 39 ft: 55 corp: 33/14199b lim: 4608 exec/s: 0 rss: 175Mb L: 63/4608 MS: 3 CopyPart-ShuffleBytes-EraseBytes-
#1946	NEW    cov: 39 ft: 56 corp: 34/14346b lim: 4608 exec/s: 0 rss: 180Mb L: 147/4608 MS: 4 ChangeBinInt-ShuffleBytes-ChangeByte-InsertRepeatedBytes-
#1955	REDUCE cov: 39 ft: 56 corp: 34/14294b lim: 4608 exec/s: 0 rss: 181Mb L: 138/4608 MS: 4 InsertByte-InsertByte-ManualDict-EraseBytes- DE: "->"-
#1976	NEW    cov: 40 ft: 57 corp: 35/14308b lim: 4608 exec/s: 0 rss: 182Mb L: 14/4608 MS: 1 EraseBytes-
#2023	REDUCE cov: 40 ft: 57 corp: 35/14297b lim: 4608 exec/s: 0 rss: 186Mb L: 52/4608 MS: 2 ChangeByte-EraseBytes-
#2048	REDUCE cov: 40 ft: 57 corp: 35/14284b lim: 4608 exec/s: 0 rss: 189Mb L: 125/4608 MS: 5 ManualDict-InsertRepeatedBytes-ManualDict-ChangeBit-EraseBytes- DE: "<"-">>>>"-
#2079	REDUCE cov: 40 ft: 57 corp: 35/14281b lim: 4608 exec/s: 0 rss: 192Mb L: 6/4608 MS: 1 EraseBytes-
#2411	REDUCE cov: 40 ft: 57 corp: 35/14272b lim: 4608 exec/s: 0 rss: 218Mb L: 14/4608 MS: 2 InsertByte-EraseBytes-
#2508	REDUCE cov: 40 ft: 57 corp: 35/14222b lim: 4608 exec/s: 0 rss: 227Mb L: 75/4608 MS: 2 ChangeBit-EraseBytes-
#2525	REDUCE cov: 40 ft: 57 corp: 35/14215b lim: 4608 exec/s: 0 rss: 229Mb L: 45/4608 MS: 2 ShuffleBytes-EraseBytes-
#2617	REDUCE cov: 40 ft: 57 corp: 35/14211b lim: 4608 exec/s: 0 rss: 235Mb L: 10/4608 MS: 2 ManualDict-EraseBytes- DE: "while"-
#2646	REDUCE cov: 40 ft: 57 corp: 35/14181b lim: 4608 exec/s: 0 rss: 237Mb L: 45/4608 MS: 4 ChangeBit-ChangeASCIIInt-ManualDict-EraseBytes- DE: "]"-
#2680	REDUCE cov: 40 ft: 57 corp: 35/14173b lim: 4608 exec/s: 0 rss: 240Mb L: 32/4608 MS: 4 CopyPart-CopyPart-ManualDict-EraseBytes- DE: ">>="-
#2801	REDUCE cov: 40 ft: 57 corp: 35/14171b lim: 4608 exec/s: 0 rss: 250Mb L: 30/4608 MS: 1 EraseBytes-
#2957	REDUCE cov: 40 ft: 57 corp: 35/14157b lim: 4608 exec/s: 0 rss: 261Mb L: 31/4608 MS: 1 EraseBytes-
#3053	NEW    cov: 41 ft: 58 corp: 36/14184b lim: 4608 exec/s: 0 rss: 270Mb L: 27/4608 MS: 1 EraseBytes-
#3194	REDUCE cov: 41 ft: 58 corp: 36/14182b lim: 4608 exec/s: 0 rss: 282Mb L: 4/4608 MS: 1 EraseBytes-
#3305	REDUCE cov: 41 ft: 58 corp: 36/14168b lim: 4608 exec/s: 0 rss: 292Mb L: 16/4608 MS: 1 EraseBytes-
#3391	REDUCE cov: 41 ft: 58 corp: 36/14149b lim: 4608 exec/s: 0 rss: 298Mb L: 35/4608 MS: 1 EraseBytes-
#3587	REDUCE cov: 41 ft: 58 corp: 36/14139b lim: 4608 exec/s: 0 rss: 315Mb L: 23/4608 MS: 1 EraseBytes-
#3618	REDUCE cov: 41 ft: 58 corp: 36/14137b lim: 4608 exec/s: 0 rss: 318Mb L: 21/4608 MS: 1 EraseBytes-
#3714	REDUCE cov: 41 ft: 58 corp: 36/14136b lim: 4608 exec/s: 0 rss: 327Mb L: 13/4608 MS: 1 EraseBytes-
#3830	REDUCE cov: 41 ft: 58 corp: 36/14134b lim: 4608 exec/s: 0 rss: 336Mb L: 19/4608 MS: 1 EraseBytes-
#3841	REDUCE cov: 41 ft: 58 corp: 36/14125b lim: 4608 exec/s: 0 rss: 336Mb L: 36/4608 MS: 1 EraseBytes-
#4081	REDUCE cov: 41 ft: 58 corp: 36/14115b lim: 4608 exec/s: 0 rss: 345Mb L: 21/4608 MS: 5 ChangeBit-ChangeBinInt-ManualDict-EraseBytes-EraseBytes- DE: "<<="-
#4104	REDUCE cov: 41 ft: 58 corp: 36/14099b lim: 4608 exec/s: 0 rss: 345Mb L: 20/4608 MS: 3 ChangeByte-ChangeBit-EraseBytes-
#4533	NEW    cov: 42 ft: 59 corp: 37/14103b lim: 4608 exec/s: 0 rss: 349Mb L: 4/4608 MS: 4 ManualDict-InsertByte-ChangeByte-CMP- DE: "<<"-"\000\000\000\000"-
#4540	REDUCE cov: 43 ft: 60 corp: 38/14105b lim: 4608 exec/s: 0 rss: 349Mb L: 2/4608 MS: 2 EraseBytes-EraseBytes-
#4692	REDUCE cov: 43 ft: 60 corp: 38/14104b lim: 4608 exec/s: 0 rss: 349Mb L: 1/4608 MS: 2 ChangeByte-EraseBytes-
#4703	REDUCE cov: 43 ft: 60 corp: 38/14095b lim: 4608 exec/s: 0 rss: 349Mb L: 10/4608 MS: 1 EraseBytes-
#4726	REDUCE cov: 43 ft: 60 corp: 38/14090b lim: 4608 exec/s: 0 rss: 349Mb L: 11/4608 MS: 3 ChangeByte-ChangeBit-EraseBytes-
#4928	REDUCE cov: 43 ft: 60 corp: 38/14086b lim: 4608 exec/s: 0 rss: 349Mb L: 6/4608 MS: 2 ShuffleBytes-EraseBytes-
#4932	REDUCE cov: 43 ft: 60 corp: 38/14085b lim: 4608 exec/s: 0 rss: 349Mb L: 10/4608 MS: 4 ChangeBinInt-EraseBytes-ManualDict-ManualDict- DE: "++"-"do"-
#5099	REDUCE cov: 43 ft: 60 corp: 38/14080b lim: 4608 exec/s: 0 rss: 349Mb L: 5/4608 MS: 2 PersAutoDict-EraseBytes- DE: ">>>>"-
#5476	REDUCE cov: 43 ft: 60 corp: 38/14076b lim: 4608 exec/s: 0 rss: 349Mb L: 40/4608 MS: 2 CopyPart-EraseBytes-
#5852	REDUCE cov: 43 ft: 60 corp: 38/14067b lim: 4608 exec/s: 0 rss: 350Mb L: 81/4608 MS: 1 EraseBytes-
#6134	REDUCE cov: 43 ft: 60 corp: 38/14051b lim: 4608 exec/s: 0 rss: 350Mb L: 19/4608 MS: 2 ShuffleBytes-EraseBytes-
#6317	REDUCE cov: 43 ft: 60 corp: 38/14047b lim: 4608 exec/s: 0 rss: 350Mb L: 36/4608 MS: 3 ChangeBit-CopyPart-EraseBytes-
#6464	REDUCE cov: 43 ft: 60 corp: 38/14043b lim: 4608 exec/s: 0 rss: 350Mb L: 17/4608 MS: 2 ShuffleBytes-EraseBytes-
#7016	REDUCE cov: 43 ft: 60 corp: 38/14039b lim: 4608 exec/s: 0 rss: 350Mb L: 16/4608 MS: 2 InsertByte-EraseBytes-
#7442	REDUCE cov: 43 ft: 60 corp: 38/14036b lim: 4608 exec/s: 0 rss: 350Mb L: 13/4608 MS: 1 EraseBytes-
#7563	REDUCE cov: 43 ft: 60 corp: 38/14033b lim: 4608 exec/s: 0 rss: 350Mb L: 14/4608 MS: 1 EraseBytes-
#7665	REDUCE cov: 43 ft: 60 corp: 38/14030b lim: 4608 exec/s: 0 rss: 351Mb L: 3/4608 MS: 2 CrossOver-EraseBytes-
#7746	REDUCE cov: 43 ft: 60 corp: 38/14027b lim: 4608 exec/s: 0 rss: 351Mb L: 16/4608 MS: 1 EraseBytes-
#7950	REDUCE cov: 43 ft: 60 corp: 38/14023b lim: 4608 exec/s: 0 rss: 351Mb L: 9/4608 MS: 4 ManualDict-CrossOver-ChangeByte-EraseBytes- DE: "<="-
#8288	REDUCE cov: 43 ft: 60 corp: 38/14022b lim: 4608 exec/s: 0 rss: 351Mb L: 2/4608 MS: 3 ChangeBit-ChangeBinInt-EraseBytes-
#8456	REDUCE cov: 43 ft: 60 corp: 38/14014b lim: 4608 exec/s: 0 rss: 351Mb L: 36/4608 MS: 3 ShuffleBytes-ChangeBit-EraseBytes-
#8467	REDUCE cov: 43 ft: 60 corp: 38/14002b lim: 4608 exec/s: 0 rss: 351Mb L: 15/4608 MS: 1 EraseBytes-
#8703	REDUCE cov: 43 ft: 60 corp: 38/13997b lim: 4608 exec/s: 0 rss: 351Mb L: 31/4608 MS: 1 EraseBytes-
#9380	REDUCE cov: 43 ft: 60 corp: 38/13996b lim: 4608 exec/s: 0 rss: 351Mb L: 8/4608 MS: 2 CMP-EraseBytes- DE: "\377\377\377\377\377\377\377\006"-
#10327	REDUCE cov: 43 ft: 60 corp: 38/13995b lim: 4608 exec/s: 0 rss: 351Mb L: 7/4608 MS: 2 ManualDict-EraseBytes- DE: "do"-
#10638	REDUCE cov: 43 ft: 60 corp: 38/13992b lim: 4608 exec/s: 0 rss: 351Mb L: 11/4608 MS: 1 EraseBytes-
#11000	REDUCE cov: 43 ft: 60 corp: 38/13990b lim: 4608 exec/s: 0 rss: 351Mb L: 8/4608 MS: 2 ChangeByte-EraseBytes-
#11077	REDUCE cov: 43 ft: 60 corp: 38/13987b lim: 4608 exec/s: 0 rss: 351Mb L: 4/4608 MS: 2 ShuffleBytes-EraseBytes-
#11386	REDUCE cov: 43 ft: 60 corp: 38/13984b lim: 4608 exec/s: 0 rss: 351Mb L: 5/4608 MS: 4 InsertByte-ChangeBit-InsertByte-EraseBytes-
#11583	REDUCE cov: 43 ft: 60 corp: 38/13983b lim: 4608 exec/s: 0 rss: 351Mb L: 30/4608 MS: 2 ChangeBit-EraseBytes-
#11650	REDUCE cov: 43 ft: 60 corp: 38/13982b lim: 4608 exec/s: 0 rss: 351Mb L: 12/4608 MS: 2 CopyPart-EraseBytes-
#11662	REDUCE cov: 43 ft: 60 corp: 38/13978b lim: 4608 exec/s: 0 rss: 351Mb L: 11/4608 MS: 2 CrossOver-EraseBytes-
#12945	REDUCE cov: 43 ft: 60 corp: 38/13977b lim: 4620 exec/s: 0 rss: 351Mb L: 10/4608 MS: 3 CopyPart-InsertByte-EraseBytes-
#13073	REDUCE cov: 43 ft: 60 corp: 38/13976b lim: 4620 exec/s: 0 rss: 351Mb L: 29/4608 MS: 3 CopyPart-ChangeByte-EraseBytes-
#13396	REDUCE cov: 43 ft: 60 corp: 38/13975b lim: 4620 exec/s: 0 rss: 351Mb L: 4/4608 MS: 3 ChangeASCIIInt-ChangeBinInt-EraseBytes-
#14077	REDUCE cov: 43 ft: 60 corp: 38/13974b lim: 4620 exec/s: 0 rss: 351Mb L: 9/4608 MS: 1 EraseBytes-
#14428	REDUCE cov: 43 ft: 60 corp: 38/13973b lim: 4620 exec/s: 0 rss: 351Mb L: 3/4608 MS: 1 EraseBytes-
#14648	REDUCE cov: 43 ft: 60 corp: 38/13971b lim: 4620 exec/s: 14648 rss: 351Mb L: 27/4608 MS: 5 CopyPart-ShuffleBytes-CopyPart-PersAutoDict-EraseBytes- DE: ">>"-
#14739	REDUCE cov: 43 ft: 60 corp: 38/13968b lim: 4620 exec/s: 14739 rss: 351Mb L: 24/4608 MS: 1 EraseBytes-
#14787	REDUCE cov: 43 ft: 60 corp: 38/13964b lim: 4620 exec/s: 14787 rss: 351Mb L: 20/4608 MS: 3 CopyPart-CopyPart-EraseBytes-
#15353	REDUCE cov: 43 ft: 60 corp: 38/13963b lim: 4620 exec/s: 15353 rss: 351Mb L: 2/4608 MS: 1 EraseBytes-
#18444	REDUCE cov: 43 ft: 60 corp: 38/13962b lim: 4644 exec/s: 18444 rss: 353Mb L: 4/4608 MS: 4 EraseBytes-ShuffleBytes-ShuffleBytes-PersAutoDict- DE: "\000\000\000\000"-
#19715	REDUCE cov: 43 ft: 60 corp: 38/13961b lim: 4656 exec/s: 19715 rss: 353Mb L: 1/4608 MS: 1 EraseBytes-
#27021	REDUCE cov: 43 ft: 60 corp: 38/13957b lim: 4728 exec/s: 27021 rss: 353Mb L: 7/4608 MS: 1 EraseBytes-
#29408	REDUCE cov: 43 ft: 60 corp: 38/13956b lim: 4740 exec/s: 14704 rss: 353Mb L: 8/4608 MS: 2 ChangeByte-EraseBytes-
#32768	pulse  cov: 43 ft: 60 corp: 38/13956b lim: 4764 exec/s: 16384 rss: 354Mb
#37770	REDUCE cov: 43 ft: 60 corp: 38/13955b lim: 4812 exec/s: 18885 rss: 354Mb L: 146/4608 MS: 1 EraseBytes-
#46296	REDUCE cov: 43 ft: 60 corp: 38/13954b lim: 4896 exec/s: 23148 rss: 354Mb L: 145/4608 MS: 1 EraseBytes-
#51855	RELOAD cov: 43 ft: 61 corp: 39/14545b lim: 4944 exec/s: 17285 rss: 355Mb
#53592	REDUCE cov: 43 ft: 61 corp: 39/14541b lim: 4968 exec/s: 17864 rss: 355Mb L: 3/4608 MS: 2 EraseBytes-EraseBytes-
#65536	pulse  cov: 43 ft: 61 corp: 39/14541b lim: 5076 exec/s: 21845 rss: 356Mb
#69098	REDUCE cov: 43 ft: 61 corp: 39/14538b lim: 5112 exec/s: 23032 rss: 356Mb L: 78/4608 MS: 1 EraseBytes-
#70646	REDUCE cov: 43 ft: 61 corp: 39/14505b lim: 5124 exec/s: 17661 rss: 356Mb L: 558/4608 MS: 3 ChangeByte-ChangeBit-EraseBytes-
#70712	REDUCE cov: 43 ft: 61 corp: 39/14503b lim: 5124 exec/s: 17678 rss: 356Mb L: 143/4608 MS: 1 EraseBytes-
#71408	REDUCE cov: 43 ft: 61 corp: 39/14490b lim: 5124 exec/s: 17852 rss: 356Mb L: 545/4608 MS: 1 EraseBytes-
#74646	REDUCE cov: 43 ft: 61 corp: 39/14485b lim: 5148 exec/s: 18661 rss: 356Mb L: 540/4608 MS: 1 EraseBytes-
#75462	REDUCE cov: 43 ft: 61 corp: 39/14479b lim: 5148 exec/s: 18865 rss: 356Mb L: 137/4608 MS: 1 EraseBytes-
#80573	REDUCE cov: 43 ft: 61 corp: 39/14477b lim: 5196 exec/s: 20143 rss: 356Mb L: 135/4608 MS: 1 EraseBytes-
#88042	REDUCE cov: 43 ft: 61 corp: 39/14475b lim: 5268 exec/s: 22010 rss: 357Mb L: 538/4608 MS: 4 CrossOver-EraseBytes-PersAutoDict-CopyPart- DE: ">>>>"-
#101819	REDUCE cov: 43 ft: 61 corp: 39/14456b lim: 5400 exec/s: 20363 rss: 357Mb L: 519/4608 MS: 3 InsertRepeatedBytes-CopyPart-EraseBytes-
#131072	pulse  cov: 43 ft: 61 corp: 39/14456b lim: 5688 exec/s: 18724 rss: 357Mb
#147992	REDUCE cov: 43 ft: 61 corp: 39/14449b lim: 5856 exec/s: 21141 rss: 357Mb L: 71/4608 MS: 2 EraseBytes-CopyPart-
#150319	REDUCE cov: 43 ft: 61 corp: 39/14448b lim: 5868 exec/s: 18789 rss: 357Mb L: 518/4608 MS: 2 EraseBytes-CrossOver-
#152757	REDUCE cov: 43 ft: 61 corp: 39/14446b lim: 5892 exec/s: 19094 rss: 357Mb L: 69/4608 MS: 1 EraseBytes-
#208290	REDUCE cov: 43 ft: 61 corp: 39/14445b lim: 6444 exec/s: 18935 rss: 357Mb L: 68/4608 MS: 2 ChangeByte-EraseBytes-
#230915	REDUCE cov: 43 ft: 61 corp: 39/14444b lim: 6660 exec/s: 19242 rss: 358Mb L: 134/4608 MS: 5 ChangeBinInt-ManualDict-InsertByte-EraseBytes-CopyPart- DE: ">"-
#250272	REDUCE cov: 43 ft: 61 corp: 39/14443b lim: 6852 exec/s: 19251 rss: 359Mb L: 133/4608 MS: 1 EraseBytes-
#260020	REDUCE cov: 43 ft: 61 corp: 39/14442b lim: 6948 exec/s: 18572 rss: 360Mb L: 132/4608 MS: 1 EraseBytes-
#262144	pulse  cov: 43 ft: 61 corp: 39/14442b lim: 6960 exec/s: 18724 rss: 360Mb
#387896	RELOAD cov: 43 ft: 62 corp: 40/22Kb lim: 8209 exec/s: 18471 rss: 364Mb
#436000	REDUCE cov: 43 ft: 62 corp: 40/22Kb lim: 8690 exec/s: 18166 rss: 368Mb L: 8725/8725 MS: 1 EraseBytes-
#524288	pulse  cov: 43 ft: 62 corp: 40/22Kb lim: 9561 exec/s: 18724 rss: 371Mb
#563025	REDUCE cov: 43 ft: 62 corp: 40/22Kb lim: 9951 exec/s: 19414 rss: 372Mb L: 8706/8706 MS: 5 ChangeBinInt-ChangeByte-ChangeBit-ChangeASCIIInt-CrossOver-
#1048576	pulse  cov: 43 ft: 62 corp: 40/22Kb lim: 14787 exec/s: 19418 rss: 388Mb
#2076853	REDUCE cov: 43 ft: 62 corp: 40/22Kb lim: 16384 exec/s: 19779 rss: 422Mb L: 8705/8705 MS: 3 EraseBytes-ManualDict-InsertRepeatedBytes- DE: "let"-
#2097152	pulse  cov: 43 ft: 62 corp: 40/22Kb lim: 16384 exec/s: 19784 rss: 423Mb
#2686682	REDUCE cov: 43 ft: 62 corp: 40/22Kb lim: 16384 exec/s: 19468 rss: 442Mb L: 8704/8704 MS: 3 EraseBytes-ChangeBit-CrossOver-
#4194304	pulse  cov: 43 ft: 62 corp: 40/22Kb lim: 16384 exec/s: 19508 rss: 492Mb
#8388608	pulse  cov: 43 ft: 62 corp: 40/22Kb lim: 16384 exec/s: 19284 rss: 631Mb
#11724028	REDUCE cov: 43 ft: 62 corp: 40/22Kb lim: 16384 exec/s: 19378 rss: 740Mb L: 517/8704 MS: 3 ChangeBinInt-EraseBytes-CopyPart-
#12044942	REDUCE cov: 43 ft: 62 corp: 40/22Kb lim: 16384 exec/s: 19427 rss: 750Mb L: 516/8704 MS: 1 EraseBytes-
#16777216	pulse  cov: 43 ft: 62 corp: 40/22Kb lim: 16384 exec/s: 19508 rss: 904Mb
Slowest unit: 21 s:
artifact_prefix='./'; Test unit written to bin/fuzz
Base64: fn46OgEAfg==
==52223== libFuzzer: run interrupted; exiting
