Dictionary: 69 entries
INFO: Running with entropic power schedule (0xFF, 100).
INFO: Seed: 1322052250
INFO: Loaded 1 modules   (54 inline 8-bit counters): 54 [0x5578cb2a42f0, 0x5578cb2a4326), 
INFO: Loaded 1 PC tables (54 PCs): 54 [0x5578cb2a4328,0x5578cb2a4688), 
INFO:      318 files found in corpus/
INFO: seed corpus: files: 318 min: 1b max: 4626b total: 260173b rss: 32Mb
#319	INITED cov: 34 ft: 45 corp: 24/13902b exec/s: 0 rss: 60Mb
#341	NEW    cov: 37 ft: 48 corp: 25/14017b lim: 4608 exec/s: 0 rss: 62Mb L: 115/4608 MS: 2 ChangeBit-InsertRepeatedBytes-
#367	NEW    cov: 38 ft: 50 corp: 26/14132b lim: 4608 exec/s: 0 rss: 64Mb L: 115/4608 MS: 1 ChangeBinInt-
#406	NEW    cov: 38 ft: 51 corp: 27/14247b lim: 4608 exec/s: 0 rss: 68Mb L: 115/4608 MS: 4 ShuffleBytes-CopyPart-ChangeBinInt-ChangeByte-
#417	NEW    cov: 39 ft: 52 corp: 28/14362b lim: 4608 exec/s: 0 rss: 69Mb L: 115/4608 MS: 1 ChangeBinInt-
#440	NEW    cov: 40 ft: 54 corp: 29/14573b lim: 4608 exec/s: 0 rss: 70Mb L: 211/4608 MS: 3 InsertByte-InsertRepeatedBytes-ChangeBinInt-
#463	NEW    cov: 40 ft: 55 corp: 30/14836b lim: 4608 exec/s: 0 rss: 72Mb L: 263/4608 MS: 3 InsertRepeatedBytes-CopyPart-InsertRepeatedBytes-
#494	REDUCE cov: 40 ft: 55 corp: 30/14808b lim: 4608 exec/s: 0 rss: 74Mb L: 87/4608 MS: 1 EraseBytes-
#606	NEW    cov: 41 ft: 56 corp: 31/14815b lim: 4608 exec/s: 0 rss: 83Mb L: 7/4608 MS: 2 ChangeByte-CrossOver-
#762	REDUCE cov: 41 ft: 56 corp: 31/14785b lim: 4608 exec/s: 0 rss: 94Mb L: 85/4608 MS: 1 EraseBytes-
#820	REDUCE cov: 41 ft: 56 corp: 31/14719b lim: 4608 exec/s: 0 rss: 97Mb L: 197/4608 MS: 3 CMP-InsertRepeatedBytes-EraseBytes- DE: "\000\000"-
#859	REDUCE cov: 41 ft: 56 corp: 31/14583b lim: 4608 exec/s: 0 rss: 101Mb L: 157/4608 MS: 4 CMP-ManualDict-EraseBytes-InsertByte- DE: "\001\000\000\000\000\000\000\020"-"&"-
#965	NEW    cov: 41 ft: 57 corp: 32/14698b lim: 4608 exec/s: 0 rss: 110Mb L: 115/4608 MS: 1 ChangeBit-
#1001	REDUCE cov: 41 ft: 57 corp: 32/14647b lim: 4608 exec/s: 0 rss: 113Mb L: 64/4608 MS: 1 EraseBytes-
#1118	REDUCE cov: 41 ft: 58 corp: 33/14723b lim: 4608 exec/s: 0 rss: 125Mb L: 76/4608 MS: 2 ChangeByte-EraseBytes-
#1169	REDUCE cov: 41 ft: 58 corp: 33/14690b lim: 4608 exec/s: 0 rss: 131Mb L: 43/4608 MS: 1 EraseBytes-
#1434	REDUCE cov: 41 ft: 58 corp: 33/14654b lim: 4608 exec/s: 0 rss: 152Mb L: 79/4608 MS: 5 ChangeBinInt-PersAutoDict-ShuffleBytes-EraseBytes-InsertByte- DE: "\000\000"-
#1440	REDUCE cov: 41 ft: 58 corp: 33/14637b lim: 4608 exec/s: 0 rss: 153Mb L: 47/4608 MS: 1 EraseBytes-
#1493	REDUCE cov: 41 ft: 58 corp: 33/14580b lim: 4608 exec/s: 0 rss: 158Mb L: 100/4608 MS: 3 ShuffleBytes-InsertByte-EraseBytes-
#1580	REDUCE cov: 41 ft: 58 corp: 33/14560b lim: 4608 exec/s: 0 rss: 166Mb L: 80/4608 MS: 2 PersAutoDict-EraseBytes- DE: "\001\000\000\000\000\000\000\020"-
#1918	REDUCE cov: 41 ft: 58 corp: 33/14548b lim: 4608 exec/s: 0 rss: 195Mb L: 103/4608 MS: 3 PersAutoDict-ChangeBit-EraseBytes- DE: "\000\000"-
#1923	REDUCE cov: 41 ft: 58 corp: 33/14520b lim: 4608 exec/s: 0 rss: 196Mb L: 75/4608 MS: 5 ChangeByte-ManualDict-ChangeBit-ChangeBit-EraseBytes- DE: "<<<"-
#2260	REDUCE cov: 41 ft: 58 corp: 33/14496b lim: 4608 exec/s: 0 rss: 220Mb L: 55/4608 MS: 2 ChangeBinInt-EraseBytes-
#2313	REDUCE cov: 41 ft: 58 corp: 33/14476b lim: 4608 exec/s: 0 rss: 224Mb L: 60/4608 MS: 3 InsertByte-CrossOver-EraseBytes-
#2404	REDUCE cov: 41 ft: 58 corp: 33/14455b lim: 4608 exec/s: 0 rss: 232Mb L: 64/4608 MS: 1 EraseBytes-
#2451	REDUCE cov: 41 ft: 58 corp: 33/14445b lim: 4608 exec/s: 0 rss: 236Mb L: 65/4608 MS: 2 ChangeByte-EraseBytes-
#2677	REDUCE cov: 41 ft: 58 corp: 33/14442b lim: 4608 exec/s: 0 rss: 254Mb L: 61/4608 MS: 1 EraseBytes-
#2748	REDUCE cov: 41 ft: 58 corp: 33/14345b lim: 4608 exec/s: 0 rss: 261Mb L: 114/4608 MS: 1 EraseBytes-
#2780	REDUCE cov: 41 ft: 58 corp: 33/14340b lim: 4608 exec/s: 0 rss: 265Mb L: 38/4608 MS: 2 ShuffleBytes-EraseBytes-
#2796	REDUCE cov: 41 ft: 58 corp: 33/14331b lim: 4608 exec/s: 0 rss: 266Mb L: 51/4608 MS: 1 EraseBytes-
#2807	REDUCE cov: 41 ft: 58 corp: 33/14311b lim: 4608 exec/s: 0 rss: 266Mb L: 41/4608 MS: 1 EraseBytes-
#2863	REDUCE cov: 41 ft: 58 corp: 33/14277b lim: 4608 exec/s: 0 rss: 270Mb L: 80/4608 MS: 1 EraseBytes-
#2925	NEW    cov: 42 ft: 59 corp: 34/14285b lim: 4608 exec/s: 0 rss: 276Mb L: 8/4608 MS: 2 PersAutoDict-CrossOver- DE: "<<<"-
#3054	REDUCE cov: 42 ft: 59 corp: 34/14268b lim: 4608 exec/s: 0 rss: 284Mb L: 48/4608 MS: 4 CopyPart-CrossOver-PersAutoDict-EraseBytes- DE: "\001\000\000\000\000\000\000\020"-
#3365	REDUCE cov: 42 ft: 59 corp: 34/14250b lim: 4608 exec/s: 0 rss: 310Mb L: 23/4608 MS: 1 EraseBytes-
#3506	NEW    cov: 43 ft: 60 corp: 35/14265b lim: 4608 exec/s: 0 rss: 322Mb L: 15/4608 MS: 1 CopyPart-
#3694	REDUCE cov: 43 ft: 60 corp: 35/14264b lim: 4608 exec/s: 0 rss: 336Mb L: 50/4608 MS: 3 InsertByte-ChangeBit-EraseBytes-
#4035	REDUCE cov: 43 ft: 60 corp: 35/14252b lim: 4608 exec/s: 0 rss: 346Mb L: 26/4608 MS: 1 EraseBytes-
#4051	REDUCE cov: 43 ft: 60 corp: 35/14251b lim: 4608 exec/s: 0 rss: 346Mb L: 22/4608 MS: 1 EraseBytes-
#4128	REDUCE cov: 43 ft: 60 corp: 35/14235b lim: 4608 exec/s: 0 rss: 346Mb L: 32/4608 MS: 2 CrossOver-EraseBytes-
#4149	REDUCE cov: 43 ft: 60 corp: 35/14196b lim: 4608 exec/s: 0 rss: 346Mb L: 41/4608 MS: 1 EraseBytes-
#4216	REDUCE cov: 43 ft: 60 corp: 35/14173b lim: 4608 exec/s: 0 rss: 349Mb L: 24/4608 MS: 2 ChangeByte-EraseBytes-
#4274	REDUCE cov: 43 ft: 60 corp: 35/14166b lim: 4608 exec/s: 0 rss: 349Mb L: 17/4608 MS: 3 ChangeBit-ShuffleBytes-EraseBytes-
#4335	REDUCE cov: 43 ft: 60 corp: 35/14164b lim: 4608 exec/s: 0 rss: 349Mb L: 13/4608 MS: 1 EraseBytes-
#4433	REDUCE cov: 43 ft: 60 corp: 35/14160b lim: 4608 exec/s: 0 rss: 349Mb L: 9/4608 MS: 3 CrossOver-CopyPart-EraseBytes-
#4440	REDUCE cov: 43 ft: 60 corp: 35/14154b lim: 4608 exec/s: 0 rss: 349Mb L: 26/4608 MS: 2 ChangeBinInt-EraseBytes-
#4526	REDUCE cov: 43 ft: 60 corp: 35/14153b lim: 4608 exec/s: 0 rss: 349Mb L: 25/4608 MS: 1 EraseBytes-
#5092	REDUCE cov: 43 ft: 60 corp: 35/14142b lim: 4608 exec/s: 0 rss: 350Mb L: 15/4608 MS: 1 EraseBytes-
#5549	REDUCE cov: 43 ft: 60 corp: 35/14133b lim: 4608 exec/s: 0 rss: 350Mb L: 16/4608 MS: 2 ShuffleBytes-EraseBytes-
#5877	REDUCE cov: 43 ft: 60 corp: 35/14115b lim: 4608 exec/s: 0 rss: 350Mb L: 32/4608 MS: 3 CopyPart-InsertByte-EraseBytes-
#6143	REDUCE cov: 43 ft: 60 corp: 35/14111b lim: 4608 exec/s: 0 rss: 350Mb L: 4/4608 MS: 1 EraseBytes-
#6299	REDUCE cov: 43 ft: 60 corp: 35/14107b lim: 4608 exec/s: 0 rss: 350Mb L: 11/4608 MS: 1 EraseBytes-
#6310	REDUCE cov: 43 ft: 60 corp: 35/14106b lim: 4608 exec/s: 0 rss: 350Mb L: 6/4608 MS: 1 EraseBytes-
#6361	REDUCE cov: 43 ft: 60 corp: 35/14104b lim: 4608 exec/s: 0 rss: 350Mb L: 7/4608 MS: 1 EraseBytes-
#6409	REDUCE cov: 43 ft: 60 corp: 35/14088b lim: 4608 exec/s: 0 rss: 350Mb L: 181/4608 MS: 3 CMP-CopyPart-EraseBytes- DE: "\000\000\000\000"-
#6513	REDUCE cov: 43 ft: 60 corp: 35/14076b lim: 4608 exec/s: 0 rss: 350Mb L: 20/4608 MS: 4 ChangeBinInt-InsertByte-CopyPart-EraseBytes-
#6889	REDUCE cov: 43 ft: 60 corp: 35/14068b lim: 4608 exec/s: 0 rss: 350Mb L: 12/4608 MS: 1 EraseBytes-
#7561	REDUCE cov: 43 ft: 60 corp: 35/14067b lim: 4608 exec/s: 0 rss: 350Mb L: 11/4608 MS: 2 ManualDict-EraseBytes- DE: "."-
#7642	REDUCE cov: 43 ft: 60 corp: 35/14065b lim: 4608 exec/s: 0 rss: 351Mb L: 9/4608 MS: 1 EraseBytes-
#7798	REDUCE cov: 43 ft: 60 corp: 35/14052b lim: 4608 exec/s: 0 rss: 351Mb L: 42/4608 MS: 1 EraseBytes-
#8128	REDUCE cov: 43 ft: 60 corp: 35/14039b lim: 4608 exec/s: 0 rss: 351Mb L: 29/4608 MS: 5 ChangeBinInt-PersAutoDict-ChangeBit-ChangeBinInt-EraseBytes- DE: "."-
#8295	REDUCE cov: 43 ft: 60 corp: 35/14031b lim: 4608 exec/s: 0 rss: 351Mb L: 21/4608 MS: 2 InsertByte-EraseBytes-
#8747	REDUCE cov: 43 ft: 60 corp: 35/14028b lim: 4608 exec/s: 0 rss: 351Mb L: 8/4608 MS: 2 ChangeByte-EraseBytes-
#9454	REDUCE cov: 43 ft: 60 corp: 35/14024b lim: 4608 exec/s: 0 rss: 351Mb L: 17/4608 MS: 2 PersAutoDict-EraseBytes- DE: "&"-
#9511	REDUCE cov: 43 ft: 60 corp: 35/14023b lim: 4608 exec/s: 0 rss: 351Mb L: 8/4608 MS: 2 ChangeBit-EraseBytes-
#9627	REDUCE cov: 43 ft: 60 corp: 35/14015b lim: 4608 exec/s: 0 rss: 351Mb L: 9/4608 MS: 1 EraseBytes-
#10332	REDUCE cov: 43 ft: 60 corp: 35/14012b lim: 4608 exec/s: 0 rss: 351Mb L: 6/4608 MS: 5 ShuffleBytes-PersAutoDict-InsertByte-CrossOver-EraseBytes- DE: "&"-
#10625	REDUCE cov: 43 ft: 60 corp: 35/14010b lim: 4608 exec/s: 0 rss: 351Mb L: 4/4608 MS: 3 InsertByte-ChangeByte-EraseBytes-
#11252	REDUCE cov: 43 ft: 60 corp: 35/14008b lim: 4608 exec/s: 0 rss: 351Mb L: 6/4608 MS: 2 ChangeBit-EraseBytes-
#11733	REDUCE cov: 43 ft: 60 corp: 35/14007b lim: 4608 exec/s: 0 rss: 351Mb L: 16/4608 MS: 1 EraseBytes-
#12203	REDUCE cov: 43 ft: 60 corp: 35/14006b lim: 4608 exec/s: 0 rss: 351Mb L: 5/4608 MS: 5 ChangeByte-ChangeByte-ChangeBit-ShuffleBytes-EraseBytes-
#12307	REDUCE cov: 43 ft: 60 corp: 35/14000b lim: 4608 exec/s: 0 rss: 351Mb L: 175/4608 MS: 4 ChangeASCIIInt-ChangeByte-ShuffleBytes-EraseBytes-
#12863	REDUCE cov: 43 ft: 60 corp: 35/13999b lim: 4608 exec/s: 0 rss: 352Mb L: 6/4608 MS: 1 EraseBytes-
#12989	REDUCE cov: 43 ft: 60 corp: 35/13998b lim: 4608 exec/s: 0 rss: 352Mb L: 4/4608 MS: 1 EraseBytes-
#13000	REDUCE cov: 43 ft: 60 corp: 35/13995b lim: 4608 exec/s: 0 rss: 352Mb L: 3/4608 MS: 1 EraseBytes-
#13262	REDUCE cov: 43 ft: 60 corp: 35/13987b lim: 4608 exec/s: 0 rss: 352Mb L: 167/4608 MS: 2 ChangeASCIIInt-EraseBytes-
#15353	REDUCE cov: 43 ft: 60 corp: 35/13986b lim: 4620 exec/s: 0 rss: 352Mb L: 3/4608 MS: 1 EraseBytes-
#15469	REDUCE cov: 43 ft: 60 corp: 35/13985b lim: 4620 exec/s: 0 rss: 352Mb L: 2/4608 MS: 1 EraseBytes-
#15696	REDUCE cov: 43 ft: 60 corp: 35/13969b lim: 4620 exec/s: 0 rss: 352Mb L: 71/4608 MS: 2 ShuffleBytes-EraseBytes-
#15777	REDUCE cov: 43 ft: 60 corp: 35/13968b lim: 4620 exec/s: 0 rss: 352Mb L: 1/4608 MS: 1 EraseBytes-
#16038	REDUCE cov: 43 ft: 60 corp: 35/13967b lim: 4620 exec/s: 0 rss: 352Mb L: 2/4608 MS: 1 EraseBytes-
#16694	REDUCE cov: 43 ft: 60 corp: 35/13966b lim: 4620 exec/s: 16694 rss: 352Mb L: 15/4608 MS: 1 EraseBytes-
#17203	REDUCE cov: 43 ft: 60 corp: 35/13963b lim: 4620 exec/s: 17203 rss: 353Mb L: 3/4608 MS: 1 EraseBytes-
#17263	REDUCE cov: 43 ft: 60 corp: 35/13962b lim: 4620 exec/s: 17263 rss: 353Mb L: 2/4608 MS: 5 PersAutoDict-ChangeByte-CopyPart-ChangeBit-EraseBytes- DE: "."-
#18480	REDUCE cov: 43 ft: 60 corp: 35/13961b lim: 4632 exec/s: 18480 rss: 353Mb L: 14/4608 MS: 2 ChangeBit-EraseBytes-
#18619	REDUCE cov: 43 ft: 60 corp: 35/13960b lim: 4632 exec/s: 18619 rss: 353Mb L: 1/4608 MS: 4 ChangeBinInt-ChangeBinInt-CopyPart-EraseBytes-
#20516	REDUCE cov: 43 ft: 60 corp: 35/13958b lim: 4644 exec/s: 20516 rss: 353Mb L: 20/4608 MS: 2 ShuffleBytes-EraseBytes-
#30732	REDUCE cov: 43 ft: 60 corp: 35/13954b lim: 4740 exec/s: 30732 rss: 354Mb L: 37/4608 MS: 1 EraseBytes-
#35274	REDUCE cov: 43 ft: 60 corp: 35/13952b lim: 4776 exec/s: 35274 rss: 354Mb L: 12/4608 MS: 2 ChangeBit-EraseBytes-
#62450	RELOAD cov: 43 ft: 61 corp: 36/14543b lim: 5040 exec/s: 20816 rss: 356Mb
#65536	pulse  cov: 43 ft: 61 corp: 36/14543b lim: 5076 exec/s: 21845 rss: 356Mb
#66478	REDUCE cov: 43 ft: 61 corp: 36/14485b lim: 5076 exec/s: 22159 rss: 356Mb L: 533/4608 MS: 3 InsertByte-EraseBytes-CopyPart-
#70861	REDUCE cov: 43 ft: 61 corp: 36/14478b lim: 5112 exec/s: 23620 rss: 356Mb L: 160/4608 MS: 3 ShuffleBytes-CrossOver-EraseBytes-
#72807	REDUCE cov: 43 ft: 61 corp: 36/14469b lim: 5124 exec/s: 24269 rss: 356Mb L: 524/4608 MS: 1 EraseBytes-
#108073	REDUCE cov: 43 ft: 61 corp: 36/14466b lim: 5472 exec/s: 21614 rss: 358Mb L: 157/4608 MS: 2 InsertByte-EraseBytes-
#115109	REDUCE cov: 43 ft: 61 corp: 36/14453b lim: 5532 exec/s: 23021 rss: 358Mb L: 144/4608 MS: 1 EraseBytes-
#131072	pulse  cov: 43 ft: 61 corp: 36/14453b lim: 5688 exec/s: 21845 rss: 358Mb
#151775	REDUCE cov: 43 ft: 61 corp: 36/14452b lim: 5892 exec/s: 21682 rss: 358Mb L: 143/4608 MS: 4 ChangeASCIIInt-PersAutoDict-ChangeASCIIInt-EraseBytes- DE: "\000\000"-
#238803	REDUCE cov: 43 ft: 61 corp: 36/14448b lim: 6756 exec/s: 21709 rss: 359Mb L: 520/4608 MS: 1 EraseBytes-
#262144	pulse  cov: 43 ft: 61 corp: 36/14448b lim: 6984 exec/s: 21845 rss: 360Mb
#318669	REDUCE cov: 43 ft: 61 corp: 36/14444b lim: 7548 exec/s: 21244 rss: 362Mb L: 139/4608 MS: 2 ChangeASCIIInt-EraseBytes-
#447960	NEW    cov: 43 ft: 62 corp: 37/22Kb lim: 8833 exec/s: 21331 rss: 366Mb L: 8809/8809 MS: 3 PersAutoDict-ShuffleBytes-CopyPart- DE: "\000\000\000\000"-
#448545	REDUCE cov: 43 ft: 62 corp: 37/22Kb lim: 8833 exec/s: 21359 rss: 366Mb L: 8756/8756 MS: 5 ChangeASCIIInt-ManualDict-CopyPart-ManualDict-EraseBytes- DE: "break"-"*"-
#449133	REDUCE cov: 43 ft: 62 corp: 37/22Kb lim: 8833 exec/s: 21387 rss: 367Mb L: 8745/8745 MS: 3 CrossOver-InsertByte-EraseBytes-
#509249	REDUCE cov: 43 ft: 62 corp: 37/22Kb lim: 9431 exec/s: 22141 rss: 371Mb L: 8724/8724 MS: 4 ChangeByte-ShuffleBytes-InsertRepeatedBytes-EraseBytes-
#524288	pulse  cov: 43 ft: 62 corp: 37/22Kb lim: 9574 exec/s: 21845 rss: 371Mb
#581132	REDUCE cov: 43 ft: 62 corp: 37/22Kb lim: 10146 exec/s: 21523 rss: 372Mb L: 8715/8715 MS: 2 ManualDict-EraseBytes- DE: "else"-
#626108	REDUCE cov: 43 ft: 62 corp: 37/22Kb lim: 10588 exec/s: 21589 rss: 375Mb L: 8705/8705 MS: 4 ChangeBit-EraseBytes-ShuffleBytes-ManualDict- DE: "#!"-
#667333	REDUCE cov: 43 ft: 62 corp: 37/22Kb lim: 10991 exec/s: 20854 rss: 375Mb L: 519/8705 MS: 1 EraseBytes-
#689444	REDUCE cov: 43 ft: 62 corp: 37/22Kb lim: 11199 exec/s: 20892 rss: 376Mb L: 138/8705 MS: 1 EraseBytes-
#698725	REDUCE cov: 43 ft: 62 corp: 37/22Kb lim: 11290 exec/s: 21173 rss: 377Mb L: 137/8705 MS: 1 EraseBytes-
#760637	REDUCE cov: 43 ft: 62 corp: 37/22Kb lim: 11901 exec/s: 21128 rss: 379Mb L: 8704/8704 MS: 2 ShuffleBytes-EraseBytes-
#784186	REDUCE cov: 43 ft: 62 corp: 37/22Kb lim: 12135 exec/s: 20636 rss: 379Mb L: 136/8704 MS: 3 PersAutoDict-CopyPart-EraseBytes- DE: "break"-
#813839	REDUCE cov: 43 ft: 62 corp: 37/22Kb lim: 12421 exec/s: 20867 rss: 380Mb L: 132/8704 MS: 1 EraseBytes-
#814505	REDUCE cov: 43 ft: 62 corp: 37/22Kb lim: 12421 exec/s: 20884 rss: 380Mb L: 36/8704 MS: 1 EraseBytes-
#963481	REDUCE cov: 43 ft: 62 corp: 37/22Kb lim: 13903 exec/s: 20499 rss: 386Mb L: 518/8704 MS: 2 ShuffleBytes-EraseBytes-
#1048576	pulse  cov: 43 ft: 62 corp: 37/22Kb lim: 14748 exec/s: 20560 rss: 389Mb
#2097152	pulse  cov: 43 ft: 62 corp: 37/22Kb lim: 16384 exec/s: 19972 rss: 424Mb
#4194304	pulse  cov: 43 ft: 62 corp: 37/22Kb lim: 16384 exec/s: 19691 rss: 494Mb
#4962385	REDUCE cov: 43 ft: 62 corp: 37/22Kb lim: 16384 exec/s: 19614 rss: 519Mb L: 517/8704 MS: 2 EraseBytes-InsertRepeatedBytes-
#5012561	REDUCE cov: 43 ft: 62 corp: 37/22Kb lim: 16384 exec/s: 19580 rss: 520Mb L: 516/8704 MS: 1 EraseBytes-
#8388608	pulse  cov: 43 ft: 62 corp: 37/22Kb lim: 16384 exec/s: 19645 rss: 632Mb
#16777216	pulse  cov: 43 ft: 62 corp: 37/22Kb lim: 16384 exec/s: 19508 rss: 910Mb
Slowest unit: 12 s:
artifact_prefix='./'; Test unit written to bin/fuzz
Base64: Cj0mJiYmJD0kPQ==
==52216== libFuzzer: run interrupted; exiting
