Dictionary: 69 entries
INFO: Running with entropic power schedule (0xFF, 100).
INFO: Seed: 1320229254
INFO: Loaded 1 modules   (54 inline 8-bit counters): 54 [0x55a2c88e72f0, 0x55a2c88e7326), 
INFO: Loaded 1 PC tables (54 PCs): 54 [0x55a2c88e7328,0x55a2c88e7688), 
INFO:      318 files found in corpus/
INFO: seed corpus: files: 318 min: 1b max: 4626b total: 260173b rss: 31Mb
#319	INITED cov: 34 ft: 45 corp: 24/13902b exec/s: 0 rss: 59Mb
#582	NEW    cov: 35 ft: 46 corp: 25/14014b lim: 4608 exec/s: 0 rss: 78Mb L: 112/4608 MS: 3 InsertByte-EraseBytes-InsertRepeatedBytes-
#924	NEW    cov: 36 ft: 48 corp: 26/14126b lim: 4608 exec/s: 0 rss: 96Mb L: 112/4608 MS: 2 CopyPart-ChangeBinInt-
#961	NEW    cov: 37 ft: 49 corp: 27/14284b lim: 4608 exec/s: 0 rss: 98Mb L: 158/4608 MS: 2 ShuffleBytes-InsertRepeatedBytes-
#1087	NEW    cov: 37 ft: 50 corp: 28/14442b lim: 4608 exec/s: 0 rss: 108Mb L: 158/4608 MS: 1 ChangeBinInt-
#1101	NEW    cov: 38 ft: 52 corp: 29/14672b lim: 4608 exec/s: 0 rss: 108Mb L: 230/4608 MS: 4 InsertRepeatedBytes-InsertByte-ChangeBit-InsertRepeatedBytes-
#1178	NEW    cov: 38 ft: 53 corp: 30/14862b lim: 4608 exec/s: 0 rss: 114Mb L: 190/4608 MS: 2 CopyPart-ChangeByte-
#1442	NEW    cov: 38 ft: 54 corp: 31/14982b lim: 4608 exec/s: 0 rss: 131Mb L: 120/4608 MS: 4 ChangeBit-ChangeByte-ChangeASCIIInt-CMP- DE: "\017\000\000\000\000\000\000\000"-
#1569	REDUCE cov: 38 ft: 54 corp: 31/14907b lim: 4608 exec/s: 0 rss: 142Mb L: 83/4608 MS: 2 ChangeBinInt-EraseBytes-
#1641	REDUCE cov: 38 ft: 54 corp: 31/14891b lim: 4608 exec/s: 0 rss: 149Mb L: 67/4608 MS: 2 ChangeBit-EraseBytes-
#1660	NEW    cov: 38 ft: 55 corp: 32/14911b lim: 4608 exec/s: 0 rss: 151Mb L: 20/4608 MS: 4 InsertRepeatedBytes-ChangeBinInt-ShuffleBytes-ShuffleBytes-
#1784	REDUCE cov: 38 ft: 55 corp: 32/14887b lim: 4608 exec/s: 0 rss: 161Mb L: 269/4608 MS: 4 EraseBytes-CopyPart-CopyPart-InsertRepeatedBytes-
#1802	REDUCE cov: 38 ft: 55 corp: 32/14877b lim: 4608 exec/s: 0 rss: 163Mb L: 180/4608 MS: 3 InsertRepeatedBytes-ChangeBinInt-EraseBytes-
#1933	NEW    cov: 39 ft: 56 corp: 33/14888b lim: 4608 exec/s: 0 rss: 172Mb L: 11/4608 MS: 1 EraseBytes-
#1966	NEW    cov: 40 ft: 57 corp: 34/15023b lim: 4608 exec/s: 0 rss: 176Mb L: 135/4608 MS: 3 ChangeBinInt-InsertRepeatedBytes-EraseBytes-
#2018	REDUCE cov: 40 ft: 57 corp: 34/15000b lim: 4608 exec/s: 0 rss: 182Mb L: 97/4608 MS: 2 ShuffleBytes-EraseBytes-
#2292	NEW    cov: 41 ft: 58 corp: 35/15040b lim: 4608 exec/s: 0 rss: 209Mb L: 40/4608 MS: 4 EraseBytes-InsertByte-ShuffleBytes-EraseBytes-
#2307	REDUCE cov: 41 ft: 58 corp: 35/14984b lim: 4608 exec/s: 0 rss: 211Mb L: 124/4608 MS: 5 ChangeBit-ShuffleBytes-PersAutoDict-ChangeBit-EraseBytes- DE: "\017\000\000\000\000\000\000\000"-
#2578	REDUCE cov: 41 ft: 58 corp: 35/14953b lim: 4608 exec/s: 0 rss: 238Mb L: 81/4608 MS: 1 EraseBytes-
#2582	REDUCE cov: 41 ft: 58 corp: 35/14935b lim: 4608 exec/s: 0 rss: 238Mb L: 251/4608 MS: 4 PersAutoDict-ManualDict-InsertRepeatedBytes-EraseBytes- DE: "\017\000\000\000\000\000\000\000"-"method"-
#2594	REDUCE cov: 41 ft: 58 corp: 35/14906b lim: 4608 exec/s: 0 rss: 239Mb L: 201/4608 MS: 2 PersAutoDict-EraseBytes- DE: "method"-
#2612	REDUCE cov: 41 ft: 58 corp: 35/14891b lim: 4608 exec/s: 0 rss: 241Mb L: 236/4608 MS: 3 ManualDict-ChangeBinInt-EraseBytes- DE: "*"-
#2689	NEW    cov: 42 ft: 59 corp: 36/14892b lim: 4608 exec/s: 0 rss: 246Mb L: 1/4608 MS: 2 ChangeBinInt-CrossOver-
#2818	REDUCE cov: 42 ft: 59 corp: 36/14868b lim: 4608 exec/s: 0 rss: 257Mb L: 73/4608 MS: 4 ChangeBit-CrossOver-ShuffleBytes-EraseBytes-
#2840	REDUCE cov: 42 ft: 59 corp: 36/14820b lim: 4608 exec/s: 0 rss: 259Mb L: 87/4608 MS: 2 CopyPart-EraseBytes-
#2957	REDUCE cov: 42 ft: 59 corp: 36/14817b lim: 4608 exec/s: 0 rss: 269Mb L: 70/4608 MS: 2 PersAutoDict-EraseBytes- DE: "*"-
#2978	REDUCE cov: 42 ft: 59 corp: 36/14699b lim: 4608 exec/s: 0 rss: 271Mb L: 118/4608 MS: 1 EraseBytes-
#3364	NEW    cov: 43 ft: 60 corp: 37/14738b lim: 4608 exec/s: 0 rss: 304Mb L: 39/4608 MS: 1 EraseBytes-
#3495	REDUCE cov: 43 ft: 60 corp: 37/14726b lim: 4608 exec/s: 0 rss: 316Mb L: 58/4608 MS: 1 EraseBytes-
#3522	REDUCE cov: 43 ft: 60 corp: 37/14722b lim: 4608 exec/s: 0 rss: 318Mb L: 7/4608 MS: 2 ManualDict-EraseBytes- DE: "/"-
#3658	REDUCE cov: 43 ft: 60 corp: 37/14686b lim: 4608 exec/s: 0 rss: 330Mb L: 88/4608 MS: 1 EraseBytes-
#3674	REDUCE cov: 43 ft: 60 corp: 37/14635b lim: 4608 exec/s: 0 rss: 332Mb L: 67/4608 MS: 1 EraseBytes-
#3744	REDUCE cov: 43 ft: 60 corp: 37/14617b lim: 4608 exec/s: 0 rss: 339Mb L: 40/4608 MS: 5 ChangeBinInt-ShuffleBytes-ManualDict-InsertByte-EraseBytes- DE: "<<="-
#3857	REDUCE cov: 43 ft: 60 corp: 37/14615b lim: 4608 exec/s: 0 rss: 345Mb L: 18/4608 MS: 3 InsertByte-ShuffleBytes-EraseBytes-
#4064	REDUCE cov: 43 ft: 60 corp: 37/14582b lim: 4608 exec/s: 0 rss: 345Mb L: 34/4608 MS: 2 ChangeByte-EraseBytes-
#4866	REDUCE cov: 43 ft: 60 corp: 37/14555b lim: 4608 exec/s: 0 rss: 349Mb L: 40/4608 MS: 2 ShuffleBytes-EraseBytes-
#4876	REDUCE cov: 43 ft: 60 corp: 37/14541b lim: 4608 exec/s: 0 rss: 349Mb L: 26/4608 MS: 5 CMP-CopyPart-EraseBytes-EraseBytes-EraseBytes- DE: "\001\000\000\000\000\000\000\000"-
#4897	REDUCE cov: 43 ft: 60 corp: 37/14538b lim: 4608 exec/s: 0 rss: 349Mb L: 23/4608 MS: 1 EraseBytes-
#4963	REDUCE cov: 43 ft: 60 corp: 37/14536b lim: 4608 exec/s: 0 rss: 349Mb L: 16/4608 MS: 1 EraseBytes-
#5020	REDUCE cov: 43 ft: 60 corp: 37/14535b lim: 4608 exec/s: 0 rss: 349Mb L: 6/4608 MS: 2 ManualDict-EraseBytes- DE: "*"-
#5127	REDUCE cov: 43 ft: 60 corp: 37/14531b lim: 4608 exec/s: 0 rss: 349Mb L: 19/4608 MS: 2 ChangeBinInt-EraseBytes-
#5143	REDUCE cov: 43 ft: 60 corp: 37/14502b lim: 4608 exec/s: 0 rss: 349Mb L: 59/4608 MS: 1 EraseBytes-
#5279	REDUCE cov: 43 ft: 60 corp: 37/14493b lim: 4608 exec/s: 0 rss: 349Mb L: 149/4608 MS: 1 EraseBytes-
#5659	REDUCE cov: 43 ft: 60 corp: 37/14460b lim: 4608 exec/s: 0 rss: 350Mb L: 116/4608 MS: 5 CMP-ChangeBinInt-InsertByte-ChangeByte-EraseBytes- DE: "\003\000\000\000\000\000\000\000"-
#5720	REDUCE cov: 43 ft: 60 corp: 37/14458b lim: 4608 exec/s: 0 rss: 350Mb L: 38/4608 MS: 1 EraseBytes-
#6096	REDUCE cov: 43 ft: 60 corp: 37/14445b lim: 4608 exec/s: 0 rss: 350Mb L: 103/4608 MS: 1 EraseBytes-
#6149	REDUCE cov: 43 ft: 60 corp: 37/14425b lim: 4608 exec/s: 0 rss: 350Mb L: 39/4608 MS: 3 EraseBytes-ShuffleBytes-ChangeBit-
#6250	REDUCE cov: 43 ft: 60 corp: 37/14418b lim: 4608 exec/s: 0 rss: 350Mb L: 12/4608 MS: 1 EraseBytes-
#6955	REDUCE cov: 43 ft: 60 corp: 37/14415b lim: 4608 exec/s: 0 rss: 350Mb L: 78/4608 MS: 5 EraseBytes-EraseBytes-CopyPart-CrossOver-ChangeBit-
#7226	REDUCE cov: 43 ft: 60 corp: 37/14404b lim: 4608 exec/s: 0 rss: 350Mb L: 92/4608 MS: 1 EraseBytes-
#7354	REDUCE cov: 43 ft: 60 corp: 37/14403b lim: 4608 exec/s: 0 rss: 350Mb L: 38/4608 MS: 3 ManualDict-InsertByte-EraseBytes- DE: "0b"-
#7395	REDUCE cov: 43 ft: 60 corp: 37/14394b lim: 4608 exec/s: 0 rss: 350Mb L: 30/4608 MS: 1 EraseBytes-
#7757	REDUCE cov: 43 ft: 60 corp: 37/14386b lim: 4608 exec/s: 0 rss: 350Mb L: 30/4608 MS: 2 InsertByte-EraseBytes-
#8109	REDUCE cov: 43 ft: 60 corp: 37/14382b lim: 4608 exec/s: 0 rss: 350Mb L: 26/4608 MS: 2 EraseBytes-PersAutoDict- DE: "*"-
#8215	REDUCE cov: 43 ft: 60 corp: 37/14369b lim: 4608 exec/s: 0 rss: 350Mb L: 99/4608 MS: 1 EraseBytes-
#8261	REDUCE cov: 43 ft: 60 corp: 37/14366b lim: 4608 exec/s: 0 rss: 350Mb L: 13/4608 MS: 1 EraseBytes-
#8558	REDUCE cov: 43 ft: 60 corp: 37/14361b lim: 4608 exec/s: 0 rss: 351Mb L: 7/4608 MS: 2 ChangeByte-EraseBytes-
#8630	REDUCE cov: 43 ft: 60 corp: 37/14328b lim: 4608 exec/s: 0 rss: 351Mb L: 45/4608 MS: 2 ManualDict-EraseBytes- DE: "<"-
#9235	REDUCE cov: 43 ft: 60 corp: 37/14324b lim: 4608 exec/s: 0 rss: 351Mb L: 26/4608 MS: 5 CopyPart-ChangeByte-ShuffleBytes-ChangeByte-EraseBytes-
#9587	REDUCE cov: 43 ft: 60 corp: 37/14321b lim: 4608 exec/s: 0 rss: 351Mb L: 23/4608 MS: 2 CopyPart-EraseBytes-
#9814	REDUCE cov: 43 ft: 60 corp: 37/14311b lim: 4608 exec/s: 0 rss: 351Mb L: 82/4608 MS: 2 ChangeBinInt-EraseBytes-
#10040	REDUCE cov: 43 ft: 60 corp: 37/14306b lim: 4608 exec/s: 0 rss: 351Mb L: 18/4608 MS: 1 EraseBytes-
#10091	REDUCE cov: 43 ft: 60 corp: 37/14305b lim: 4608 exec/s: 0 rss: 351Mb L: 5/4608 MS: 1 EraseBytes-
#10104	REDUCE cov: 43 ft: 60 corp: 37/14297b lim: 4608 exec/s: 0 rss: 351Mb L: 10/4608 MS: 3 ChangeBit-ChangeBinInt-EraseBytes-
#10390	REDUCE cov: 43 ft: 60 corp: 37/14295b lim: 4608 exec/s: 0 rss: 351Mb L: 5/4608 MS: 1 EraseBytes-
#10466	REDUCE cov: 43 ft: 60 corp: 37/14283b lim: 4608 exec/s: 0 rss: 351Mb L: 14/4608 MS: 1 EraseBytes-
#10883	REDUCE cov: 43 ft: 60 corp: 37/14268b lim: 4608 exec/s: 0 rss: 351Mb L: 23/4608 MS: 2 ChangeByte-EraseBytes-
#10909	REDUCE cov: 43 ft: 60 corp: 37/14262b lim: 4608 exec/s: 0 rss: 351Mb L: 17/4608 MS: 1 EraseBytes-
#11135	REDUCE cov: 43 ft: 60 corp: 37/14261b lim: 4608 exec/s: 0 rss: 351Mb L: 4/4608 MS: 1 EraseBytes-
#11176	REDUCE cov: 43 ft: 60 corp: 37/14259b lim: 4608 exec/s: 0 rss: 351Mb L: 2/4608 MS: 1 EraseBytes-
#11408	REDUCE cov: 43 ft: 60 corp: 37/14254b lim: 4608 exec/s: 0 rss: 351Mb L: 77/4608 MS: 2 ShuffleBytes-EraseBytes-
#11666	REDUCE cov: 43 ft: 60 corp: 37/14252b lim: 4608 exec/s: 0 rss: 351Mb L: 8/4608 MS: 3 ShuffleBytes-EraseBytes-CopyPart-
#12178	REDUCE cov: 43 ft: 60 corp: 37/14216b lim: 4608 exec/s: 0 rss: 351Mb L: 51/4608 MS: 2 InsertByte-EraseBytes-
#12229	REDUCE cov: 43 ft: 60 corp: 37/14212b lim: 4608 exec/s: 0 rss: 351Mb L: 41/4608 MS: 1 EraseBytes-
#12962	REDUCE cov: 43 ft: 60 corp: 37/14204b lim: 4608 exec/s: 0 rss: 351Mb L: 69/4608 MS: 3 CMP-InsertByte-EraseBytes- DE: "\001\000"-
#13298	REDUCE cov: 43 ft: 60 corp: 37/14203b lim: 4608 exec/s: 0 rss: 351Mb L: 1/4608 MS: 1 EraseBytes-
#13485	REDUCE cov: 43 ft: 60 corp: 37/14167b lim: 4608 exec/s: 0 rss: 351Mb L: 33/4608 MS: 2 EraseBytes-EraseBytes-
#13914	REDUCE cov: 43 ft: 60 corp: 37/14151b lim: 4608 exec/s: 0 rss: 351Mb L: 35/4608 MS: 4 ChangeBit-CopyPart-ShuffleBytes-EraseBytes-
#14070	REDUCE cov: 43 ft: 60 corp: 37/14131b lim: 4608 exec/s: 0 rss: 351Mb L: 20/4608 MS: 1 EraseBytes-
#14626	REDUCE cov: 43 ft: 60 corp: 37/14122b lim: 4608 exec/s: 0 rss: 351Mb L: 90/4608 MS: 1 EraseBytes-
#14837	REDUCE cov: 43 ft: 60 corp: 37/14102b lim: 4608 exec/s: 0 rss: 351Mb L: 70/4608 MS: 1 EraseBytes-
#15009	REDUCE cov: 43 ft: 60 corp: 37/14097b lim: 4608 exec/s: 0 rss: 351Mb L: 28/4608 MS: 2 ManualDict-EraseBytes- DE: "{"-
#15555	REDUCE cov: 43 ft: 60 corp: 37/14081b lim: 4608 exec/s: 0 rss: 352Mb L: 18/4608 MS: 1 EraseBytes-
#16746	REDUCE cov: 43 ft: 60 corp: 37/14078b lim: 4608 exec/s: 0 rss: 352Mb L: 25/4608 MS: 1 EraseBytes-
#16997	REDUCE cov: 43 ft: 60 corp: 37/14077b lim: 4608 exec/s: 0 rss: 352Mb L: 16/4608 MS: 1 EraseBytes-
#17593	REDUCE cov: 43 ft: 60 corp: 37/14076b lim: 4608 exec/s: 0 rss: 352Mb L: 4/4608 MS: 1 EraseBytes-
#17757	REDUCE cov: 43 ft: 60 corp: 37/14075b lim: 4608 exec/s: 0 rss: 352Mb L: 12/4608 MS: 4 ChangeBit-ChangeBit-ChangeBit-EraseBytes-
#18258	REDUCE cov: 43 ft: 60 corp: 37/14071b lim: 4608 exec/s: 0 rss: 352Mb L: 16/4608 MS: 1 EraseBytes-
#18344	REDUCE cov: 43 ft: 60 corp: 37/14063b lim: 4608 exec/s: 0 rss: 352Mb L: 10/4608 MS: 1 EraseBytes-
#19690	REDUCE cov: 43 ft: 60 corp: 37/14061b lim: 4620 exec/s: 0 rss: 352Mb L: 23/4608 MS: 1 EraseBytes-
#20316	REDUCE cov: 43 ft: 60 corp: 37/14059b lim: 4620 exec/s: 20316 rss: 352Mb L: 8/4608 MS: 1 EraseBytes-
#20793	REDUCE cov: 43 ft: 60 corp: 37/14057b lim: 4620 exec/s: 20793 rss: 352Mb L: 6/4608 MS: 2 EraseBytes-ManualDict- DE: "<<<"-
#21355	REDUCE cov: 43 ft: 60 corp: 37/14045b lim: 4620 exec/s: 21355 rss: 353Mb L: 23/4608 MS: 2 InsertByte-EraseBytes-
#21586	REDUCE cov: 43 ft: 60 corp: 37/14041b lim: 4620 exec/s: 21586 rss: 353Mb L: 19/4608 MS: 1 EraseBytes-
#22159	REDUCE cov: 43 ft: 60 corp: 37/14038b lim: 4620 exec/s: 22159 rss: 353Mb L: 11/4608 MS: 3 CopyPart-EraseBytes-EraseBytes-
#22307	REDUCE cov: 43 ft: 60 corp: 37/14034b lim: 4620 exec/s: 22307 rss: 353Mb L: 7/4608 MS: 3 ShuffleBytes-InsertByte-EraseBytes-
#22908	REDUCE cov: 43 ft: 60 corp: 37/14032b lim: 4620 exec/s: 22908 rss: 353Mb L: 4/4608 MS: 1 EraseBytes-
#22987	REDUCE cov: 43 ft: 60 corp: 37/14028b lim: 4620 exec/s: 22987 rss: 353Mb L: 15/4608 MS: 4 EraseBytes-CMP-EraseBytes-CMP- DE: "\001\000\000\000\000\000\000\000"-"\000\000"-
#23078	REDUCE cov: 43 ft: 60 corp: 37/14027b lim: 4620 exec/s: 23078 rss: 353Mb L: 22/4608 MS: 1 EraseBytes-
#25702	REDUCE cov: 43 ft: 60 corp: 37/14022b lim: 4644 exec/s: 25702 rss: 353Mb L: 2/4608 MS: 4 EraseBytes-ChangeBinInt-ManualDict-EraseBytes- DE: "#!"-
#25893	REDUCE cov: 43 ft: 60 corp: 37/13966b lim: 4644 exec/s: 25893 rss: 353Mb L: 145/4608 MS: 1 EraseBytes-
#32981	REDUCE cov: 43 ft: 60 corp: 37/13962b lim: 4704 exec/s: 32981 rss: 354Mb L: 12/4608 MS: 3 CopyPart-EraseBytes-EraseBytes-
#37297	REDUCE cov: 43 ft: 60 corp: 37/13958b lim: 4740 exec/s: 37297 rss: 354Mb L: 11/4608 MS: 1 EraseBytes-
#45833	REDUCE cov: 43 ft: 60 corp: 37/13950b lim: 4824 exec/s: 22916 rss: 354Mb L: 4/4608 MS: 2 EraseBytes-EraseBytes-
#49630	REDUCE cov: 43 ft: 60 corp: 37/13946b lim: 4860 exec/s: 24815 rss: 354Mb L: 7/4608 MS: 2 ChangeBinInt-EraseBytes-
#55699	REDUCE cov: 43 ft: 60 corp: 37/13944b lim: 4920 exec/s: 27849 rss: 355Mb L: 39/4608 MS: 4 InsertByte-ShuffleBytes-EraseBytes-CrossOver-
#63512	RELOAD cov: 43 ft: 61 corp: 38/14535b lim: 4992 exec/s: 21170 rss: 355Mb
#63539	REDUCE cov: 43 ft: 61 corp: 38/14534b lim: 4992 exec/s: 21179 rss: 355Mb L: 21/4608 MS: 2 CopyPart-EraseBytes-
#65536	pulse  cov: 43 ft: 61 corp: 38/14534b lim: 5004 exec/s: 21845 rss: 355Mb
#71355	REDUCE cov: 43 ft: 61 corp: 38/14532b lim: 5064 exec/s: 23785 rss: 356Mb L: 68/4608 MS: 1 EraseBytes-
#73796	REDUCE cov: 43 ft: 61 corp: 38/14531b lim: 5088 exec/s: 24598 rss: 356Mb L: 590/4608 MS: 1 EraseBytes-
#83642	REDUCE cov: 43 ft: 61 corp: 38/14516b lim: 5184 exec/s: 27880 rss: 356Mb L: 575/4608 MS: 1 EraseBytes-
#83929	REDUCE cov: 43 ft: 61 corp: 38/14512b lim: 5184 exec/s: 27976 rss: 356Mb L: 3/4608 MS: 2 EraseBytes-EraseBytes-
#85600	REDUCE cov: 43 ft: 61 corp: 38/14508b lim: 5196 exec/s: 21400 rss: 356Mb L: 141/4608 MS: 1 EraseBytes-
#98835	REDUCE cov: 43 ft: 61 corp: 38/14481b lim: 5316 exec/s: 24708 rss: 357Mb L: 548/4608 MS: 1 EraseBytes-
#103938	REDUCE cov: 43 ft: 61 corp: 38/14479b lim: 5364 exec/s: 25984 rss: 357Mb L: 37/4608 MS: 3 EraseBytes-InsertByte-CrossOver-
#117056	REDUCE cov: 43 ft: 61 corp: 38/14470b lim: 5484 exec/s: 23411 rss: 357Mb L: 539/4608 MS: 1 EraseBytes-
#131072	pulse  cov: 43 ft: 61 corp: 38/14470b lim: 5616 exec/s: 21845 rss: 357Mb
#133318	REDUCE cov: 43 ft: 61 corp: 38/14469b lim: 5640 exec/s: 22219 rss: 357Mb L: 20/4608 MS: 1 EraseBytes-
#157457	REDUCE cov: 43 ft: 61 corp: 38/14453b lim: 5880 exec/s: 22493 rss: 357Mb L: 523/4608 MS: 5 ShuffleBytes-ChangeByte-CopyPart-CopyPart-EraseBytes-
#180545	REDUCE cov: 43 ft: 61 corp: 38/14452b lim: 6108 exec/s: 22568 rss: 357Mb L: 36/4608 MS: 1 EraseBytes-
#194317	REDUCE cov: 43 ft: 61 corp: 38/14448b lim: 6240 exec/s: 24289 rss: 358Mb L: 519/4608 MS: 2 InsertRepeatedBytes-EraseBytes-
#262144	pulse  cov: 43 ft: 61 corp: 38/14448b lim: 6912 exec/s: 23831 rss: 360Mb
#453993	RELOAD cov: 43 ft: 62 corp: 39/22Kb lim: 8820 exec/s: 21618 rss: 367Mb
#455806	REDUCE cov: 43 ft: 62 corp: 39/22Kb lim: 8833 exec/s: 21705 rss: 368Mb L: 8775/8775 MS: 3 ChangeByte-InsertByte-EraseBytes-
#474068	REDUCE cov: 43 ft: 62 corp: 39/22Kb lim: 9002 exec/s: 21548 rss: 370Mb L: 8713/8713 MS: 2 ChangeBit-EraseBytes-
#524288	pulse  cov: 43 ft: 62 corp: 39/22Kb lim: 9496 exec/s: 21845 rss: 372Mb
#525632	REDUCE cov: 43 ft: 62 corp: 39/22Kb lim: 9509 exec/s: 21901 rss: 372Mb L: 8711/8711 MS: 3 ShuffleBytes-CopyPart-EraseBytes-
#749768	REDUCE cov: 43 ft: 62 corp: 39/22Kb lim: 11732 exec/s: 22052 rss: 379Mb L: 518/8711 MS: 1 EraseBytes-
#854302	REDUCE cov: 43 ft: 62 corp: 39/22Kb lim: 12772 exec/s: 21357 rss: 383Mb L: 137/8711 MS: 1 EraseBytes-
#903764	REDUCE cov: 43 ft: 62 corp: 39/22Kb lim: 13253 exec/s: 21518 rss: 383Mb L: 8708/8708 MS: 2 InsertRepeatedBytes-EraseBytes-
#985507	REDUCE cov: 43 ft: 62 corp: 39/22Kb lim: 14059 exec/s: 21424 rss: 386Mb L: 134/8708 MS: 3 EraseBytes-CrossOver-CopyPart-
#1048576	pulse  cov: 43 ft: 62 corp: 39/22Kb lim: 14683 exec/s: 21845 rss: 389Mb
#1220876	REDUCE cov: 43 ft: 62 corp: 39/22Kb lim: 16384 exec/s: 21801 rss: 395Mb L: 132/8708 MS: 2 EraseBytes-CopyPart-
#1376543	REDUCE cov: 43 ft: 62 corp: 39/22Kb lim: 16384 exec/s: 21849 rss: 400Mb L: 8706/8706 MS: 1 CrossOver-
#2097152	pulse  cov: 43 ft: 62 corp: 39/22Kb lim: 16384 exec/s: 21399 rss: 424Mb
#3584703	REDUCE cov: 43 ft: 62 corp: 39/22Kb lim: 16384 exec/s: 20841 rss: 473Mb L: 8704/8704 MS: 5 ManualDict-EraseBytes-ChangeBit-InsertRepeatedBytes-InsertByte- DE: "#!"-
#4194304	pulse  cov: 43 ft: 62 corp: 39/22Kb lim: 16384 exec/s: 20560 rss: 493Mb
#7283142	REDUCE cov: 43 ft: 62 corp: 39/22Kb lim: 16384 exec/s: 20174 rss: 595Mb L: 517/8704 MS: 2 EraseBytes-InsertRepeatedBytes-
#7333488	REDUCE cov: 43 ft: 62 corp: 39/22Kb lim: 16384 exec/s: 20202 rss: 598Mb L: 516/8704 MS: 1 EraseBytes-
#8388608	pulse  cov: 43 ft: 62 corp: 39/22Kb lim: 16384 exec/s: 20116 rss: 631Mb
#16777216	pulse  cov: 43 ft: 62 corp: 39/22Kb lim: 16384 exec/s: 19807 rss: 907Mb
Slowest unit: 14 s:
artifact_prefix='./'; Test unit written to bin/fuzz
Base64: JiAwMDA=
==52212== libFuzzer: run interrupted; exiting
