Dictionary: 69 entries
INFO: Running with entropic power schedule (0xFF, 100).
INFO: Seed: 1337242774
INFO: Loaded 1 modules   (54 inline 8-bit counters): 54 [0x55722d9992f0, 0x55722d999326), 
INFO: Loaded 1 PC tables (54 PCs): 54 [0x55722d999328,0x55722d999688), 
INFO:      318 files found in corpus/
INFO: seed corpus: files: 318 min: 1b max: 4626b total: 260173b rss: 32Mb
#319	INITED cov: 34 ft: 45 corp: 24/13902b exec/s: 0 rss: 60Mb
#559	NEW    cov: 35 ft: 46 corp: 25/13909b lim: 4608 exec/s: 0 rss: 75Mb L: 7/4608 MS: 5 InsertByte-ChangeBit-CopyPart-CopyPart-EraseBytes-
#817	NEW    cov: 36 ft: 47 corp: 26/13914b lim: 4608 exec/s: 0 rss: 91Mb L: 5/4608 MS: 3 CrossOver-ChangeBinInt-ChangeBinInt-
#968	NEW    cov: 37 ft: 48 corp: 27/13918b lim: 4608 exec/s: 0 rss: 100Mb L: 4/4608 MS: 1 EraseBytes-
#1191	NEW    cov: 38 ft: 49 corp: 28/13925b lim: 4608 exec/s: 0 rss: 116Mb L: 7/4608 MS: 3 CrossOver-CMP-ShuffleBytes- DE: "\000\000\000\000"-
#1258	NEW    cov: 39 ft: 50 corp: 29/13961b lim: 4608 exec/s: 0 rss: 121Mb L: 36/4608 MS: 2 ShuffleBytes-PersAutoDict- DE: "\000\000\000\000"-
#1310	REDUCE cov: 39 ft: 50 corp: 29/13960b lim: 4608 exec/s: 0 rss: 126Mb L: 6/4608 MS: 2 ChangeByte-EraseBytes-
#1359	REDUCE cov: 39 ft: 50 corp: 29/13950b lim: 4608 exec/s: 0 rss: 130Mb L: 26/4608 MS: 4 PersAutoDict-ChangeBinInt-CrossOver-EraseBytes- DE: "\000\000\000\000"-
#1375	NEW    cov: 40 ft: 51 corp: 30/13957b lim: 4608 exec/s: 0 rss: 132Mb L: 7/4608 MS: 1 PersAutoDict- DE: "\000\000\000\000"-
#1406	NEW    cov: 40 ft: 52 corp: 31/13969b lim: 4608 exec/s: 0 rss: 134Mb L: 12/4608 MS: 1 CMP- DE: "\000\000\000\000\000\000\000\006"-
#1563	NEW    cov: 41 ft: 53 corp: 32/13973b lim: 4608 exec/s: 0 rss: 148Mb L: 4/4608 MS: 2 CopyPart-EraseBytes-
#1613	NEW    cov: 41 ft: 54 corp: 33/14078b lim: 4608 exec/s: 0 rss: 152Mb L: 105/4608 MS: 5 InsertByte-ManualDict-ChangeBinInt-ChangeByte-InsertRepeatedBytes- DE: "method"-
#1655	NEW    cov: 41 ft: 55 corp: 34/14136b lim: 4608 exec/s: 0 rss: 155Mb L: 58/4608 MS: 2 ChangeBinInt-CrossOver-
#1656	NEW    cov: 41 ft: 56 corp: 35/14241b lim: 4608 exec/s: 0 rss: 156Mb L: 105/4608 MS: 1 ChangeBit-
#1778	NEW    cov: 43 ft: 58 corp: 36/14248b lim: 4608 exec/s: 0 rss: 166Mb L: 7/4608 MS: 2 CopyPart-CMP- DE: "\000\000"-
#1903	NEW    cov: 43 ft: 59 corp: 37/14485b lim: 4608 exec/s: 0 rss: 173Mb L: 237/4608 MS: 5 ShuffleBytes-CrossOver-InsertRepeatedBytes-PersAutoDict-PersAutoDict- DE: "method"-"\000\000"-
#2070	NEW    cov: 43 ft: 60 corp: 38/14688b lim: 4608 exec/s: 0 rss: 186Mb L: 203/4608 MS: 2 InsertByte-InsertRepeatedBytes-
#2077	REDUCE cov: 43 ft: 60 corp: 38/14623b lim: 4608 exec/s: 0 rss: 186Mb L: 228/4608 MS: 2 EraseBytes-ChangeByte-
#2270	REDUCE cov: 43 ft: 60 corp: 38/14622b lim: 4608 exec/s: 0 rss: 202Mb L: 6/4608 MS: 3 ChangeBinInt-CrossOver-EraseBytes-
#2397	REDUCE cov: 43 ft: 60 corp: 38/14614b lim: 4608 exec/s: 0 rss: 213Mb L: 220/4608 MS: 2 ChangeASCIIInt-EraseBytes-
#2558	REDUCE cov: 43 ft: 60 corp: 38/14607b lim: 4608 exec/s: 0 rss: 227Mb L: 19/4608 MS: 1 EraseBytes-
#2721	REDUCE cov: 43 ft: 60 corp: 38/14606b lim: 4608 exec/s: 0 rss: 242Mb L: 18/4608 MS: 3 ChangeByte-InsertByte-EraseBytes-
#2805	REDUCE cov: 43 ft: 60 corp: 38/14602b lim: 4608 exec/s: 0 rss: 249Mb L: 3/4608 MS: 4 EraseBytes-ChangeBit-EraseBytes-EraseBytes-
#2921	REDUCE cov: 43 ft: 60 corp: 38/14600b lim: 4608 exec/s: 0 rss: 257Mb L: 16/4608 MS: 1 EraseBytes-
#2973	REDUCE cov: 43 ft: 60 corp: 38/14598b lim: 4608 exec/s: 0 rss: 260Mb L: 56/4608 MS: 2 InsertByte-EraseBytes-
#3314	REDUCE cov: 43 ft: 60 corp: 38/14597b lim: 4608 exec/s: 0 rss: 293Mb L: 55/4608 MS: 1 EraseBytes-
#3388	REDUCE cov: 43 ft: 60 corp: 38/14572b lim: 4608 exec/s: 0 rss: 300Mb L: 80/4608 MS: 4 CopyPart-ChangeBit-ManualDict-EraseBytes- DE: "*="-
#3479	REDUCE cov: 43 ft: 60 corp: 38/14568b lim: 4608 exec/s: 0 rss: 309Mb L: 51/4608 MS: 1 EraseBytes-
#3514	REDUCE cov: 43 ft: 60 corp: 38/14513b lim: 4608 exec/s: 0 rss: 312Mb L: 182/4608 MS: 5 ChangeByte-CMP-ShuffleBytes-ChangeBit-EraseBytes- DE: "\377\377\377\377"-
#3695	REDUCE cov: 43 ft: 60 corp: 38/14425b lim: 4608 exec/s: 0 rss: 326Mb L: 94/4608 MS: 1 EraseBytes-
#4119	REDUCE cov: 43 ft: 60 corp: 38/14416b lim: 4608 exec/s: 0 rss: 345Mb L: 42/4608 MS: 4 CopyPart-EraseBytes-CopyPart-EraseBytes-
#4129	REDUCE cov: 43 ft: 60 corp: 38/14414b lim: 4608 exec/s: 0 rss: 345Mb L: 92/4608 MS: 5 PersAutoDict-ChangeBinInt-PersAutoDict-InsertByte-EraseBytes- DE: "\000\000"-"method"-
#4152	REDUCE cov: 43 ft: 60 corp: 38/14410b lim: 4608 exec/s: 0 rss: 345Mb L: 88/4608 MS: 3 ChangeBit-CrossOver-EraseBytes-
#4439	REDUCE cov: 43 ft: 60 corp: 38/14409b lim: 4608 exec/s: 0 rss: 349Mb L: 5/4608 MS: 2 CrossOver-EraseBytes-
#4632	REDUCE cov: 43 ft: 60 corp: 38/14359b lim: 4608 exec/s: 0 rss: 349Mb L: 170/4608 MS: 3 InsertRepeatedBytes-ChangeBit-EraseBytes-
#4759	REDUCE cov: 43 ft: 60 corp: 38/14333b lim: 4608 exec/s: 0 rss: 350Mb L: 79/4608 MS: 2 InsertByte-EraseBytes-
#4965	REDUCE cov: 43 ft: 60 corp: 38/14330b lim: 4608 exec/s: 0 rss: 350Mb L: 77/4608 MS: 1 EraseBytes-
#5026	REDUCE cov: 43 ft: 60 corp: 38/14316b lim: 4608 exec/s: 0 rss: 350Mb L: 63/4608 MS: 1 EraseBytes-
#5047	REDUCE cov: 43 ft: 60 corp: 38/14239b lim: 4608 exec/s: 0 rss: 350Mb L: 93/4608 MS: 1 EraseBytes-
#5078	REDUCE cov: 43 ft: 60 corp: 38/14236b lim: 4608 exec/s: 0 rss: 350Mb L: 3/4608 MS: 1 EraseBytes-
#5354	REDUCE cov: 43 ft: 60 corp: 38/14229b lim: 4608 exec/s: 0 rss: 350Mb L: 72/4608 MS: 1 EraseBytes-
#5387	REDUCE cov: 43 ft: 60 corp: 38/14198b lim: 4608 exec/s: 0 rss: 350Mb L: 62/4608 MS: 3 ChangeByte-InsertByte-EraseBytes-
#5389	REDUCE cov: 43 ft: 60 corp: 38/14195b lim: 4608 exec/s: 0 rss: 350Mb L: 85/4608 MS: 2 ChangeByte-EraseBytes-
#5431	REDUCE cov: 43 ft: 60 corp: 38/14194b lim: 4608 exec/s: 0 rss: 350Mb L: 15/4608 MS: 2 CopyPart-EraseBytes-
#5467	REDUCE cov: 43 ft: 60 corp: 38/14166b lim: 4608 exec/s: 0 rss: 350Mb L: 34/4608 MS: 1 EraseBytes-
#5548	REDUCE cov: 43 ft: 60 corp: 38/14147b lim: 4608 exec/s: 0 rss: 350Mb L: 66/4608 MS: 1 EraseBytes-
#5631	REDUCE cov: 43 ft: 60 corp: 38/14137b lim: 4608 exec/s: 0 rss: 350Mb L: 24/4608 MS: 3 CrossOver-ChangeBinInt-EraseBytes-
#5927	REDUCE cov: 43 ft: 60 corp: 38/14136b lim: 4608 exec/s: 0 rss: 350Mb L: 2/4608 MS: 1 EraseBytes-
#6178	REDUCE cov: 43 ft: 60 corp: 38/14120b lim: 4608 exec/s: 0 rss: 350Mb L: 47/4608 MS: 1 EraseBytes-
#6235	REDUCE cov: 43 ft: 60 corp: 38/14119b lim: 4608 exec/s: 0 rss: 350Mb L: 4/4608 MS: 2 CrossOver-EraseBytes-
#6352	REDUCE cov: 43 ft: 60 corp: 38/14114b lim: 4608 exec/s: 0 rss: 350Mb L: 19/4608 MS: 2 ManualDict-EraseBytes- DE: "0b"-
#6934	REDUCE cov: 43 ft: 60 corp: 38/14111b lim: 4608 exec/s: 0 rss: 350Mb L: 4/4608 MS: 2 ChangeBinInt-EraseBytes-
#7010	REDUCE cov: 43 ft: 60 corp: 38/14089b lim: 4608 exec/s: 0 rss: 351Mb L: 25/4608 MS: 1 EraseBytes-
#7246	REDUCE cov: 43 ft: 60 corp: 38/14083b lim: 4608 exec/s: 0 rss: 351Mb L: 60/4608 MS: 1 EraseBytes-
#7458	REDUCE cov: 43 ft: 60 corp: 38/14056b lim: 4608 exec/s: 0 rss: 351Mb L: 33/4608 MS: 2 PersAutoDict-EraseBytes- DE: "0b"-
#7500	REDUCE cov: 43 ft: 60 corp: 38/14048b lim: 4608 exec/s: 0 rss: 351Mb L: 11/4608 MS: 2 ChangeBinInt-EraseBytes-
#7675	REDUCE cov: 43 ft: 60 corp: 38/14047b lim: 4608 exec/s: 0 rss: 351Mb L: 4/4608 MS: 5 InsertRepeatedBytes-ChangeByte-EraseBytes-EraseBytes-EraseBytes-
#7816	REDUCE cov: 43 ft: 60 corp: 38/14046b lim: 4608 exec/s: 0 rss: 351Mb L: 10/4608 MS: 1 EraseBytes-
#7932	REDUCE cov: 43 ft: 60 corp: 38/14039b lim: 4608 exec/s: 0 rss: 351Mb L: 8/4608 MS: 1 EraseBytes-
#8100	REDUCE cov: 43 ft: 60 corp: 38/14034b lim: 4608 exec/s: 0 rss: 351Mb L: 37/4608 MS: 3 CopyPart-CrossOver-EraseBytes-
#9599	REDUCE cov: 43 ft: 60 corp: 38/14029b lim: 4620 exec/s: 0 rss: 351Mb L: 5/4608 MS: 4 ShuffleBytes-CopyPart-CMP-EraseBytes- DE: "\001\000\000\000"-
#9962	REDUCE cov: 43 ft: 60 corp: 38/14027b lim: 4620 exec/s: 0 rss: 351Mb L: 23/4608 MS: 3 ChangeBit-CopyPart-EraseBytes-
#10468	REDUCE cov: 43 ft: 60 corp: 38/14026b lim: 4620 exec/s: 0 rss: 351Mb L: 4/4608 MS: 1 EraseBytes-
#11026	REDUCE cov: 43 ft: 60 corp: 38/14024b lim: 4620 exec/s: 0 rss: 351Mb L: 21/4608 MS: 3 CrossOver-ShuffleBytes-EraseBytes-
#11300	REDUCE cov: 43 ft: 60 corp: 38/14023b lim: 4620 exec/s: 0 rss: 351Mb L: 3/4608 MS: 4 CopyPart-ChangeASCIIInt-ChangeASCIIInt-EraseBytes-
#12928	REDUCE cov: 43 ft: 60 corp: 38/14022b lim: 4632 exec/s: 0 rss: 351Mb L: 32/4608 MS: 3 CrossOver-ShuffleBytes-EraseBytes-
#13221	REDUCE cov: 43 ft: 60 corp: 38/14015b lim: 4632 exec/s: 0 rss: 351Mb L: 196/4608 MS: 3 ChangeByte-ChangeBinInt-EraseBytes-
#14252	REDUCE cov: 43 ft: 60 corp: 38/14014b lim: 4632 exec/s: 0 rss: 351Mb L: 2/4608 MS: 1 EraseBytes-
#14598	REDUCE cov: 43 ft: 60 corp: 38/14001b lim: 4632 exec/s: 0 rss: 351Mb L: 183/4608 MS: 1 EraseBytes-
#14994	REDUCE cov: 43 ft: 60 corp: 38/13983b lim: 4632 exec/s: 0 rss: 351Mb L: 165/4608 MS: 1 EraseBytes-
#17611	REDUCE cov: 43 ft: 60 corp: 38/13979b lim: 4656 exec/s: 0 rss: 352Mb L: 17/4608 MS: 2 ChangeBinInt-EraseBytes-
#17667	REDUCE cov: 43 ft: 60 corp: 38/13978b lim: 4656 exec/s: 0 rss: 352Mb L: 1/4608 MS: 1 EraseBytes-
#19424	REDUCE cov: 43 ft: 60 corp: 38/13969b lim: 4668 exec/s: 19424 rss: 352Mb L: 23/4608 MS: 2 CrossOver-EraseBytes-
#21362	REDUCE cov: 43 ft: 60 corp: 38/13968b lim: 4680 exec/s: 21362 rss: 353Mb L: 22/4608 MS: 1 EraseBytes-
#36378	REDUCE cov: 43 ft: 60 corp: 38/13939b lim: 4824 exec/s: 36378 rss: 354Mb L: 136/4608 MS: 1 EraseBytes-
#42274	REDUCE cov: 43 ft: 60 corp: 38/13938b lim: 4872 exec/s: 21137 rss: 354Mb L: 71/4608 MS: 1 EraseBytes-
#54082	REDUCE cov: 43 ft: 60 corp: 38/13936b lim: 4980 exec/s: 27041 rss: 355Mb L: 134/4608 MS: 1 EraseBytes-
#60200	REDUCE cov: 43 ft: 60 corp: 38/13935b lim: 5040 exec/s: 30100 rss: 355Mb L: 16/4608 MS: 3 ChangeBit-ChangeBit-EraseBytes-
#65536	pulse  cov: 43 ft: 60 corp: 38/13935b lim: 5088 exec/s: 32768 rss: 355Mb
#68485	RELOAD cov: 43 ft: 61 corp: 39/14526b lim: 5112 exec/s: 22828 rss: 356Mb
#68831	REDUCE cov: 43 ft: 61 corp: 39/14492b lim: 5124 exec/s: 22943 rss: 356Mb L: 557/4608 MS: 1 EraseBytes-
#71837	REDUCE cov: 43 ft: 61 corp: 39/14483b lim: 5148 exec/s: 23945 rss: 356Mb L: 548/4608 MS: 1 EraseBytes-
#74793	REDUCE cov: 43 ft: 61 corp: 39/14482b lim: 5172 exec/s: 24931 rss: 356Mb L: 36/4608 MS: 1 EraseBytes-
#75859	REDUCE cov: 43 ft: 61 corp: 39/14452b lim: 5172 exec/s: 25286 rss: 356Mb L: 518/4608 MS: 1 EraseBytes-
#90442	REDUCE cov: 43 ft: 61 corp: 39/14450b lim: 5316 exec/s: 22610 rss: 357Mb L: 20/4608 MS: 1 EraseBytes-
#106340	REDUCE cov: 43 ft: 61 corp: 39/14448b lim: 5472 exec/s: 26585 rss: 357Mb L: 69/4608 MS: 3 ChangeBinInt-EraseBytes-CopyPart-
#113245	REDUCE cov: 43 ft: 61 corp: 39/14447b lim: 5532 exec/s: 22649 rss: 358Mb L: 68/4608 MS: 2 ShuffleBytes-EraseBytes-
#131072	pulse  cov: 43 ft: 61 corp: 39/14447b lim: 5700 exec/s: 21845 rss: 358Mb
#262144	pulse  cov: 43 ft: 61 corp: 39/14447b lim: 7008 exec/s: 21845 rss: 360Mb
#436350	RELOAD cov: 43 ft: 62 corp: 40/22Kb lim: 8742 exec/s: 20778 rss: 366Mb
#475875	REDUCE cov: 43 ft: 62 corp: 40/22Kb lim: 9132 exec/s: 20690 rss: 369Mb L: 8711/8711 MS: 5 CrossOver-ChangeASCIIInt-PersAutoDict-ChangeASCIIInt-CrossOver- DE: "method"-
#524288	pulse  cov: 43 ft: 62 corp: 40/22Kb lim: 9613 exec/s: 20971 rss: 371Mb
#944571	REDUCE cov: 43 ft: 62 corp: 40/22Kb lim: 13799 exec/s: 20097 rss: 385Mb L: 8705/8705 MS: 5 ShuffleBytes-CrossOver-ManualDict-CrossOver-InsertRepeatedBytes- DE: "!"-
#1041461	REDUCE cov: 43 ft: 62 corp: 40/22Kb lim: 14761 exec/s: 19650 rss: 388Mb L: 132/8705 MS: 1 EraseBytes-
#1048576	pulse  cov: 43 ft: 62 corp: 40/22Kb lim: 14826 exec/s: 19784 rss: 388Mb
#2067477	REDUCE cov: 43 ft: 62 corp: 40/22Kb lim: 16384 exec/s: 20269 rss: 423Mb L: 8704/8704 MS: 1 EraseBytes-
#2097152	pulse  cov: 43 ft: 62 corp: 40/22Kb lim: 16384 exec/s: 20164 rss: 424Mb
#4194304	pulse  cov: 43 ft: 62 corp: 40/22Kb lim: 16384 exec/s: 19691 rss: 494Mb
#8388608	pulse  cov: 43 ft: 62 corp: 40/22Kb lim: 16384 exec/s: 19553 rss: 634Mb
#11978080	REDUCE cov: 43 ft: 62 corp: 40/22Kb lim: 16384 exec/s: 19636 rss: 752Mb L: 516/8704 MS: 1 EraseBytes-
#16777216	pulse  cov: 43 ft: 62 corp: 40/22Kb lim: 16384 exec/s: 19576 rss: 910Mb
Slowest unit: 16 s:
artifact_prefix='./'; Test unit written to bin/fuzz
Base64: RT4+AH5gP2Q=
==52224== libFuzzer: run interrupted; exiting
