Dictionary: 69 entries
INFO: Running with entropic power schedule (0xFF, 100).
INFO: Seed: 1322186037
INFO: Loaded 1 modules   (54 inline 8-bit counters): 54 [0x564fd7d072f0, 0x564fd7d07326), 
INFO: Loaded 1 PC tables (54 PCs): 54 [0x564fd7d07328,0x564fd7d07688), 
INFO:      318 files found in corpus/
INFO: seed corpus: files: 318 min: 1b max: 4626b total: 260173b rss: 32Mb
#319	INITED cov: 34 ft: 45 corp: 24/13902b exec/s: 0 rss: 60Mb
#508	NEW    cov: 35 ft: 46 corp: 25/13903b lim: 4608 exec/s: 0 rss: 73Mb L: 1/4608 MS: 4 ShuffleBytes-ShuffleBytes-EraseBytes-ChangeByte-
#509	NEW    cov: 36 ft: 47 corp: 26/13907b lim: 4608 exec/s: 0 rss: 73Mb L: 4/4608 MS: 1 CrossOver-
#792	NEW    cov: 38 ft: 49 corp: 27/13960b lim: 4608 exec/s: 0 rss: 90Mb L: 53/4608 MS: 3 EraseBytes-InsertByte-ChangeBinInt-
#818	NEW    cov: 39 ft: 50 corp: 28/13962b lim: 4608 exec/s: 0 rss: 92Mb L: 2/4608 MS: 1 EraseBytes-
#938	REDUCE cov: 39 ft: 50 corp: 28/13918b lim: 4608 exec/s: 0 rss: 100Mb L: 249/4608 MS: 5 CrossOver-ChangeASCIIInt-InsertRepeatedBytes-EraseBytes-ChangeBinInt-
#1006	NEW    cov: 40 ft: 52 corp: 29/13938b lim: 4608 exec/s: 0 rss: 102Mb L: 20/4608 MS: 3 ChangeBit-ChangeByte-InsertRepeatedBytes-
#1108	NEW    cov: 40 ft: 53 corp: 30/13958b lim: 4608 exec/s: 0 rss: 110Mb L: 20/4608 MS: 2 CMP-ChangeBit- DE: "\000\000"-
#1111	NEW    cov: 41 ft: 54 corp: 31/13961b lim: 4608 exec/s: 0 rss: 110Mb L: 3/4608 MS: 3 CopyPart-PersAutoDict-EraseBytes- DE: "\000\000"-
#1139	NEW    cov: 41 ft: 55 corp: 32/13983b lim: 4608 exec/s: 0 rss: 113Mb L: 22/4608 MS: 3 InsertByte-ChangeByte-InsertByte-
#1216	NEW    cov: 42 ft: 57 corp: 33/14034b lim: 4608 exec/s: 0 rss: 119Mb L: 51/4608 MS: 2 ShuffleBytes-InsertRepeatedBytes-
#1242	REDUCE cov: 42 ft: 57 corp: 33/14017b lim: 4608 exec/s: 0 rss: 121Mb L: 36/4608 MS: 1 EraseBytes-
#1516	NEW    cov: 42 ft: 58 corp: 34/14131b lim: 4608 exec/s: 0 rss: 144Mb L: 114/4608 MS: 4 ChangeByte-ManualDict-PersAutoDict-InsertRepeatedBytes- DE: "["-"\000\000"-
#1677	NEW    cov: 42 ft: 59 corp: 35/14287b lim: 4608 exec/s: 0 rss: 158Mb L: 156/4608 MS: 1 InsertRepeatedBytes-
#2084	REDUCE cov: 42 ft: 59 corp: 35/14281b lim: 4608 exec/s: 0 rss: 196Mb L: 45/4608 MS: 2 CopyPart-EraseBytes-
#2506	REDUCE cov: 42 ft: 59 corp: 35/14280b lim: 4608 exec/s: 0 rss: 231Mb L: 248/4608 MS: 2 ShuffleBytes-EraseBytes-
#2604	REDUCE cov: 42 ft: 59 corp: 35/14272b lim: 4608 exec/s: 0 rss: 239Mb L: 14/4608 MS: 3 PersAutoDict-ManualDict-EraseBytes- DE: "["-"continue"-
#4106	REDUCE cov: 42 ft: 59 corp: 35/14209b lim: 4620 exec/s: 0 rss: 345Mb L: 185/4608 MS: 2 CopyPart-EraseBytes-
#4320	NEW    cov: 43 ft: 60 corp: 36/14213b lim: 4620 exec/s: 0 rss: 346Mb L: 4/4608 MS: 4 ChangeBinInt-ChangeBit-PersAutoDict-PersAutoDict- DE: "\000\000"-"\000\000"-
#4351	REDUCE cov: 43 ft: 60 corp: 36/14191b lim: 4620 exec/s: 0 rss: 348Mb L: 163/4608 MS: 1 EraseBytes-
#5062	REDUCE cov: 43 ft: 60 corp: 36/14189b lim: 4620 exec/s: 0 rss: 349Mb L: 18/4608 MS: 1 EraseBytes-
#5204	REDUCE cov: 43 ft: 60 corp: 36/14188b lim: 4620 exec/s: 0 rss: 349Mb L: 162/4608 MS: 2 PersAutoDict-EraseBytes- DE: "continue"-
#6060	REDUCE cov: 43 ft: 60 corp: 36/14187b lim: 4620 exec/s: 0 rss: 350Mb L: 155/4608 MS: 1 EraseBytes-
#6851	REDUCE cov: 43 ft: 60 corp: 36/14183b lim: 4620 exec/s: 0 rss: 350Mb L: 41/4608 MS: 1 EraseBytes-
#7057	REDUCE cov: 43 ft: 60 corp: 36/14159b lim: 4620 exec/s: 0 rss: 350Mb L: 90/4608 MS: 1 EraseBytes-
#7424	REDUCE cov: 43 ft: 60 corp: 36/14158b lim: 4620 exec/s: 0 rss: 350Mb L: 35/4608 MS: 2 ShuffleBytes-EraseBytes-
#7439	REDUCE cov: 43 ft: 60 corp: 36/14157b lim: 4620 exec/s: 0 rss: 350Mb L: 13/4608 MS: 5 ManualDict-EraseBytes-ChangeBinInt-EraseBytes-CMP- DE: "0b"-"\000\000\000\000"-
#7998	REDUCE cov: 43 ft: 60 corp: 36/14144b lim: 4620 exec/s: 0 rss: 350Mb L: 22/4608 MS: 4 ManualDict-ChangeASCIIInt-ChangeBit-EraseBytes- DE: "break"-
#8009	REDUCE cov: 43 ft: 60 corp: 36/14138b lim: 4620 exec/s: 0 rss: 350Mb L: 16/4608 MS: 1 EraseBytes-
#8172	REDUCE cov: 43 ft: 60 corp: 36/14137b lim: 4620 exec/s: 0 rss: 350Mb L: 12/4608 MS: 3 CopyPart-CopyPart-EraseBytes-
#8346	REDUCE cov: 43 ft: 60 corp: 36/14122b lim: 4620 exec/s: 0 rss: 350Mb L: 147/4608 MS: 4 ChangeByte-ChangeBit-InsertByte-EraseBytes-
#8488	REDUCE cov: 43 ft: 60 corp: 36/14118b lim: 4620 exec/s: 0 rss: 350Mb L: 12/4608 MS: 2 ChangeASCIIInt-EraseBytes-
#8829	REDUCE cov: 43 ft: 60 corp: 36/14116b lim: 4620 exec/s: 0 rss: 350Mb L: 10/4608 MS: 1 EraseBytes-
#9516	REDUCE cov: 43 ft: 60 corp: 36/14052b lim: 4620 exec/s: 0 rss: 350Mb L: 83/4608 MS: 2 ManualDict-EraseBytes- DE: "="-
#9787	REDUCE cov: 43 ft: 60 corp: 36/14051b lim: 4620 exec/s: 0 rss: 350Mb L: 9/4608 MS: 1 EraseBytes-
#10213	REDUCE cov: 43 ft: 60 corp: 36/14032b lim: 4620 exec/s: 0 rss: 350Mb L: 64/4608 MS: 1 EraseBytes-
#10335	REDUCE cov: 43 ft: 60 corp: 36/14019b lim: 4620 exec/s: 0 rss: 350Mb L: 77/4608 MS: 2 CopyPart-EraseBytes-
#11346	REDUCE cov: 43 ft: 60 corp: 36/13998b lim: 4620 exec/s: 0 rss: 351Mb L: 134/4608 MS: 1 EraseBytes-
#11487	REDUCE cov: 43 ft: 60 corp: 36/13997b lim: 4620 exec/s: 0 rss: 351Mb L: 63/4608 MS: 1 EraseBytes-
#11604	REDUCE cov: 43 ft: 60 corp: 36/13989b lim: 4620 exec/s: 0 rss: 351Mb L: 69/4608 MS: 2 CopyPart-EraseBytes-
#11881	REDUCE cov: 43 ft: 60 corp: 36/13985b lim: 4620 exec/s: 0 rss: 351Mb L: 59/4608 MS: 2 CopyPart-EraseBytes-
#12177	REDUCE cov: 43 ft: 60 corp: 36/13984b lim: 4620 exec/s: 0 rss: 351Mb L: 58/4608 MS: 1 EraseBytes-
#14328	REDUCE cov: 43 ft: 60 corp: 36/13958b lim: 4632 exec/s: 0 rss: 351Mb L: 32/4608 MS: 1 EraseBytes-
#14650	REDUCE cov: 43 ft: 60 corp: 36/13957b lim: 4632 exec/s: 0 rss: 351Mb L: 17/4608 MS: 2 ChangeByte-EraseBytes-
#14726	REDUCE cov: 43 ft: 60 corp: 36/13941b lim: 4632 exec/s: 0 rss: 351Mb L: 16/4608 MS: 1 EraseBytes-
#15127	REDUCE cov: 43 ft: 60 corp: 36/13935b lim: 4632 exec/s: 0 rss: 351Mb L: 10/4608 MS: 1 EraseBytes-
#15992	REDUCE cov: 43 ft: 60 corp: 36/13930b lim: 4632 exec/s: 0 rss: 351Mb L: 5/4608 MS: 5 ChangeByte-ShuffleBytes-CopyPart-ChangeBinInt-EraseBytes-
#17703	REDUCE cov: 43 ft: 60 corp: 36/13928b lim: 4644 exec/s: 0 rss: 352Mb L: 3/4608 MS: 1 EraseBytes-
#18054	REDUCE cov: 43 ft: 60 corp: 36/13927b lim: 4644 exec/s: 18054 rss: 352Mb L: 2/4608 MS: 1 EraseBytes-
#19262	REDUCE cov: 43 ft: 60 corp: 36/13926b lim: 4656 exec/s: 19262 rss: 353Mb L: 1/4608 MS: 2 ChangeBinInt-EraseBytes-
#23148	REDUCE cov: 43 ft: 60 corp: 36/13925b lim: 4692 exec/s: 23148 rss: 353Mb L: 8/4608 MS: 1 EraseBytes-
#32297	REDUCE cov: 43 ft: 60 corp: 36/13924b lim: 4776 exec/s: 32297 rss: 353Mb L: 16/4608 MS: 4 ShuffleBytes-CopyPart-EraseBytes-CopyPart-
#42753	REDUCE cov: 43 ft: 60 corp: 36/13922b lim: 4872 exec/s: 42753 rss: 354Mb L: 39/4608 MS: 1 EraseBytes-
#47751	REDUCE cov: 43 ft: 60 corp: 36/13920b lim: 4920 exec/s: 23875 rss: 354Mb L: 37/4608 MS: 4 EraseBytes-EraseBytes-ShuffleBytes-InsertRepeatedBytes-
#60517	REDUCE cov: 43 ft: 60 corp: 36/13919b lim: 5040 exec/s: 30258 rss: 355Mb L: 68/4608 MS: 1 EraseBytes-
#65536	pulse  cov: 43 ft: 60 corp: 36/13919b lim: 5088 exec/s: 32768 rss: 355Mb
#66340	REDUCE cov: 43 ft: 61 corp: 37/14510b lim: 5088 exec/s: 33170 rss: 355Mb L: 591/4608 MS: 3 CrossOver-CopyPart-CopyPart-
#92053	REDUCE cov: 43 ft: 61 corp: 37/14504b lim: 5340 exec/s: 23013 rss: 357Mb L: 585/4608 MS: 1 EraseBytes-
#102202	REDUCE cov: 43 ft: 61 corp: 37/14503b lim: 5436 exec/s: 25550 rss: 357Mb L: 133/4608 MS: 2 ShuffleBytes-EraseBytes-
#102793	REDUCE cov: 43 ft: 61 corp: 37/14470b lim: 5436 exec/s: 25698 rss: 357Mb L: 552/4608 MS: 1 EraseBytes-
#102800	REDUCE cov: 43 ft: 61 corp: 37/14469b lim: 5436 exec/s: 25700 rss: 357Mb L: 132/4608 MS: 2 CopyPart-EraseBytes-
#115596	REDUCE cov: 43 ft: 61 corp: 37/14467b lim: 5556 exec/s: 23119 rss: 358Mb L: 550/4608 MS: 1 EraseBytes-
#130233	REDUCE cov: 43 ft: 61 corp: 37/14451b lim: 5700 exec/s: 26046 rss: 358Mb L: 534/4608 MS: 2 EraseBytes-InsertRepeatedBytes-
#131072	pulse  cov: 43 ft: 61 corp: 37/14451b lim: 5700 exec/s: 26214 rss: 358Mb
#132044	REDUCE cov: 43 ft: 61 corp: 37/14444b lim: 5712 exec/s: 26408 rss: 358Mb L: 527/4608 MS: 1 EraseBytes-
#180131	REDUCE cov: 43 ft: 61 corp: 37/14439b lim: 6180 exec/s: 25733 rss: 358Mb L: 522/4608 MS: 1 EraseBytes-
#262144	pulse  cov: 43 ft: 61 corp: 37/14439b lim: 6996 exec/s: 23831 rss: 359Mb
#265049	REDUCE cov: 43 ft: 61 corp: 37/14435b lim: 7020 exec/s: 24095 rss: 359Mb L: 518/4608 MS: 1 EraseBytes-
#450566	NEW    cov: 43 ft: 62 corp: 38/22Kb lim: 8859 exec/s: 22528 rss: 366Mb L: 8811/8811 MS: 5 PersAutoDict-ChangeBit-ChangeByte-ChangeByte-CopyPart- DE: "0b"-
#473924	REDUCE cov: 43 ft: 62 corp: 38/22Kb lim: 9080 exec/s: 21542 rss: 369Mb L: 8718/8718 MS: 3 CMP-InsertByte-EraseBytes- DE: "\001\000\000\000\000\000\000\000"-
#524288	pulse  cov: 43 ft: 62 corp: 38/22Kb lim: 9574 exec/s: 21845 rss: 371Mb
#562958	REDUCE cov: 43 ft: 62 corp: 38/22Kb lim: 9964 exec/s: 21652 rss: 371Mb L: 8706/8706 MS: 3 CMP-ShuffleBytes-EraseBytes- DE: "\001\000"-
#1048576	pulse  cov: 43 ft: 62 corp: 38/22Kb lim: 14800 exec/s: 20971 rss: 388Mb
#1329016	REDUCE cov: 43 ft: 62 corp: 38/22Kb lim: 16384 exec/s: 21095 rss: 398Mb L: 36/8706 MS: 1 EraseBytes-
#2097152	pulse  cov: 43 ft: 62 corp: 38/22Kb lim: 16384 exec/s: 20971 rss: 423Mb
#3992989	REDUCE cov: 43 ft: 62 corp: 38/22Kb lim: 16384 exec/s: 20268 rss: 486Mb L: 8704/8704 MS: 3 ChangeBit-InsertRepeatedBytes-EraseBytes-
#4194304	pulse  cov: 43 ft: 62 corp: 38/22Kb lim: 16384 exec/s: 20262 rss: 492Mb
#5434444	REDUCE cov: 43 ft: 62 corp: 38/22Kb lim: 16384 exec/s: 20202 rss: 534Mb L: 516/8704 MS: 2 CopyPart-EraseBytes-
#8388608	pulse  cov: 43 ft: 62 corp: 38/22Kb lim: 16384 exec/s: 20020 rss: 631Mb
#16777216	pulse  cov: 43 ft: 62 corp: 38/22Kb lim: 16384 exec/s: 19807 rss: 905Mb
Slowest unit: 10 s:
artifact_prefix='./'; Test unit written to bin/fuzz
Base64: Cgo8PgogIF4gICAgICAgXgo=
==52214== libFuzzer: run interrupted; exiting
